============= No.1 test case ===============
true
Server ========================== 0
处理请求数量：   100
平均时延： 463.607709ms
Server ========================== 1
处理请求数量：   236
平均时延： 16.391144ms
Server ========================== 2
处理请求数量：   222
平均时延： 5.229148ms
Server ========================== 3
处理请求数量：   214
平均时延： 5.210406ms
100   100   100   100   
==============================
 463.607709ms 16.391144ms 5.229148ms 5.210406msServer ========================== 0
处理请求数量：   107
平均时延： 1.501703805s
Server ========================== 1
处理请求数量：   105
平均时延： 16.617274ms
Server ========================== 2
处理请求数量：   100
平均时延： 5.588415ms
Server ========================== 3
处理请求数量：   119
平均时延： 5.924521ms
95   100   100   105   
==============================
 1.501703805s 16.617274ms 5.588415ms 5.924521msServer ========================== 0
处理请求数量：   100
平均时延： 1.687402334s
Server ========================== 1
处理请求数量：   274
平均时延： 19.460321ms
Server ========================== 2
处理请求数量：   287
平均时延： 5.21885ms
Server ========================== 3
处理请求数量：   274
平均时延： 5.677981ms
90.25   100   104.75   105   
==============================
 1.687402334s 19.460321ms 5.21885ms 5.677981msServer ========================== 0
处理请求数量：   100
平均时延： 4.059071517s
Server ========================== 1
处理请求数量：   386
平均时延： 22.342747ms
Server ========================== 2
处理请求数量：   386
平均时延： 6.050004ms
Server ========================== 3
处理请求数量：   349
平均时延： 5.867545ms
85.7375   100   109.2625   105   
==============================
 4.059071517s 22.342747ms 6.050004ms 5.867545msServer ========================== 0
处理请求数量：   231
平均时延： 4.122662645s
Server ========================== 1
处理请求数量：   114
平均时延： 20.261987ms
Server ========================== 2
处理请求数量：   107
平均时延： 5.874003ms
Server ========================== 3
处理请求数量：   100
平均时延： 5.39547ms
81.45062499999999   100   109.2625   109.286875   
==============================
 4.122662645s 20.261987ms 5.874003ms 5.39547msServer ========================== 0
处理请求数量：   100
平均时延： 3.95733579s
Server ========================== 1
处理请求数量：   363
平均时延： 19.608764ms
Server ========================== 2
处理请求数量：   386
平均时延： 5.297184ms
Server ========================== 3
处理请求数量：   457
平均时延： 5.789027ms
77.37809374999999   100   109.2625   113.35940624999999   
==============================
 3.95733579s 19.608764ms 5.297184ms 5.789027msServer ========================== 0
处理请求数量：   142
平均时延： 5.444745159s
Server ========================== 1
处理请求数量：   100
平均时延： 14.067562ms
Server ========================== 2
处理请求数量：   112
平均时延： 5.843949ms
Server ========================== 3
处理请求数量：   100
平均时延： 5.867734ms
73.50918906249998   100   113.13140468750001   113.35940624999999   
==============================
 5.444745159s 14.067562ms 5.843949ms 5.867734msServer ========================== 0
处理请求数量：   100
平均时延： 5.22997387s
Server ========================== 1
处理请求数量：   163
平均时延： 17.302201ms
Server ========================== 2
处理请求数量：   218
平均时延： 6.383272ms
Server ========================== 3
处理请求数量：   201
平均时延： 6.485784ms
69.83372960937498   100   116.80686414062501   113.35940624999999   
==============================
 5.22997387s 17.302201ms 6.383272ms 6.485784msServer ========================== 0
处理请求数量：   144
平均时延： 4.851199098s
Server ========================== 1
处理请求数量：   100
平均时延： 13.135394ms
Server ========================== 2
处理请求数量：   136
平均时延： 7.062517ms
Server ========================== 3
处理请求数量：   117
平均时延： 6.187818ms
66.34204312890623   100   120.29855062109375   113.35940624999999   
==============================
 4.851199098s 13.135394ms 7.062517ms 6.187818msServer ========================== 0
处理请求数量：   100
平均时延： 5.06312855s
Server ========================== 1
处理请求数量：   196
平均时延： 14.862403ms
Server ========================== 2
处理请求数量：   241
平均时延： 5.855126ms
Server ========================== 3
处理请求数量：   249
平均时延： 6.761392ms
63.02494097246091   100   120.29855062109375   116.67650840644531   
==============================
 5.06312855s 14.862403ms 5.855126ms 6.761392msServer ========================== 0
处理请求数量：   100
平均时延： 6.161826607s
Server ========================== 1
处理请求数量：   406
平均时延： 15.830145ms
Server ========================== 2
处理请求数量：   516
平均时延： 6.223801ms
Server ========================== 3
处理请求数量：   466
平均时延： 5.857755ms
59.87369392383786   100   123.4497976697168   116.67650840644531   
==============================
 6.161826607s 15.830145ms 6.223801ms 5.857755msServer ========================== 0
处理请求数量：   100
平均时延： 7.169066238s
Server ========================== 1
处理请求数量：   339
平均时延： 16.302473ms
Server ========================== 2
处理请求数量：   429
平均时延： 6.040784ms
Server ========================== 3
处理请求数量：   429
平均时延： 5.720673ms
56.880009227645964   100   123.4497976697168   119.6701931026372   
==============================
 7.169066238s 16.302473ms 6.040784ms 5.720673msServer ========================== 0
处理请求数量：   250
平均时延： 8.703923427s
Server ========================== 1
处理请求数量：   100
平均时延： 15.264877ms
Server ========================== 2
处理请求数量：   137
平均时延： 6.230851ms
Server ========================== 3
处理请求数量：   140
平均时延： 6.77771ms
54.03600876626366   100   123.4497976697168   122.5141935640195   
==============================
 8.703923427s 15.264877ms 6.230851ms 6.77771msServer ========================== 0
处理请求数量：   100
平均时延： 4.960738616s
Server ========================== 1
处理请求数量：   135
平均时延： 22.597055ms
Server ========================== 2
处理请求数量：   167
平均时延： 6.727659ms
Server ========================== 3
处理请求数量：   156
平均时延： 6.670213ms
51.33420832795048   100   126.15159810802999   122.5141935640195   
==============================
 4.960738616s 22.597055ms 6.727659ms 6.670213msServer ========================== 0
处理请求数量：   161
平均时延： 7.229392412s
Server ========================== 1
处理请求数量：   100
平均时延： 11.910157ms
Server ========================== 2
处理请求数量：   152
平均时延： 7.033991ms
Server ========================== 3
处理请求数量：   129
平均时延： 6.48634ms
48.76749791155295   100   126.15159810802999   125.08090398041702   
==============================
 7.229392412s 11.910157ms 7.033991ms 6.48634msServer ========================== 0
处理请求数量：   100
平均时延： 5.24774876s
Server ========================== 1
处理请求数量：   380
平均时延： 16.342427ms
Server ========================== 2
处理请求数量：   502
平均时延： 6.33666ms
Server ========================== 3
处理请求数量：   512
平均时延： 6.896554ms
46.3291230159753   100   126.15159810802999   127.51927887599467   
==============================
 5.24774876s 16.342427ms 6.33666ms 6.896554msServer ========================== 0
处理请求数量：   129
平均时延： 9.188720606s
Server ========================== 1
处理请求数量：   100
平均时延： 16.799752ms
Server ========================== 2
处理请求数量：   127
平均时延： 6.466327ms
Server ========================== 3
处理请求数量：   119
平均时延： 5.833523ms
44.012666865176534   100   128.46805425882874   127.51927887599467   
==============================
 9.188720606s 16.799752ms 6.466327ms 5.833523msServer ========================== 0
处理请求数量：   100
平均时延： 5.165618087s
Server ========================== 1
处理请求数量：   200
平均时延： 13.458357ms
Server ========================== 2
处理请求数量：   265
平均时延： 6.346054ms
Server ========================== 3
处理请求数量：   280
平均时延： 6.202005ms
41.812033521917705   100   128.46805425882874   129.7199122192535   
==============================
 5.165618087s 13.458357ms 6.346054ms 6.202005msServer ========================== 0
处理请求数量：   136
平均时延： 6.304942554s
Server ========================== 1
处理请求数量：   100
平均时延： 13.057269ms
Server ========================== 2
处理请求数量：   113
平均时延： 6.507325ms
Server ========================== 3
处理请求数量：   116
平均时延： 6.097101ms
39.72143184582182   100   128.46805425882874   131.81051389534937   
==============================
 6.304942554s 13.057269ms 6.507325ms 6.097101msServer ========================== 0
处理请求数量：   100
平均时延： 4.389008798s
Server ========================== 1
处理请求数量：   199
平均时延： 19.894296ms
Server ========================== 2
处理请求数量：   251
平均时延： 6.671747ms
Server ========================== 3
处理请求数量：   282
平均时延： 6.502336ms
37.73536025353073   100   128.46805425882874   133.79658548764047   
==============================
 4.389008798s 19.894296ms 6.671747ms 6.502336msServer ========================== 0
处理请求数量：   130
平均时延： 3.57462518s
Server ========================== 1
处理请求数量：   100
平均时延： 13.519062ms
Server ========================== 2
处理请求数量：   142
平均时延： 6.075318ms
Server ========================== 3
处理请求数量：   163
平均时延： 7.211074ms
35.84859224085419   100   128.46805425882874   135.683353500317   
==============================
 3.57462518s 13.519062ms 6.075318ms 7.211074msServer ========================== 0
处理请求数量：   100
平均时延： 2.815078494s
Server ========================== 1
处理请求数量：   220
平均时延： 17.966958ms
Server ========================== 2
处理请求数量：   282
平均时延： 5.965002ms
Server ========================== 3
处理请求数量：   302
平均时延： 6.572616ms
34.05616262881148   100   130.26048387087144   135.683353500317   
==============================
 2.815078494s 17.966958ms 5.965002ms 6.572616msServer ========================== 0
处理请求数量：   141
平均时延： 1.787144393s
Server ========================== 1
处理请求数量：   100
平均时延： 14.877319ms
Server ========================== 2
处理请求数量：   147
平均时延： 6.092184ms
Server ========================== 3
处理请求数量：   149
平均时延： 6.135215ms
32.3533544973709   100   131.96329200231202   135.683353500317   
==============================
 1.787144393s 14.877319ms 6.092184ms 6.135215msServer ========================== 0
处理请求数量：   100
平均时延： 52.995042ms
Server ========================== 1
处理请求数量：   289
平均时延： 10.036578ms
Server ========================== 2
处理请求数量：   362
平均时延： 6.025174ms
Server ========================== 3
处理请求数量：   372
平均时延： 5.598455ms
30.735686772502355   100   133.58095972718056   135.683353500317   
==============================
 52.995042ms 10.036578ms 6.025174ms 5.598455msServer ========================== 0
处理请求数量：   100
平均时延： 7.556825ms
Server ========================== 1
处理请求数量：   342
平均时延： 8.130383ms
Server ========================== 2
处理请求数量：   457
平均时延： 5.974311ms
Server ========================== 3
处理请求数量：   472
平均时延： 6.335538ms
29.198902433877237   100   133.58095972718056   137.22013783894212   
==============================
 7.556825ms 8.130383ms 5.974311ms 6.335538msServer ========================== 0
处理请求数量：   100
平均时延： 8.163541ms
Server ========================== 1
处理请求数量：   300
平均时延： 10.770772ms
Server ========================== 2
处理请求数量：   388
平均时延： 6.200341ms
Server ========================== 3
处理请求数量：   399
平均时延： 5.862996ms
29.198902433877237   95   138.58095972718056   137.22013783894212   
==============================
 8.163541ms 10.770772ms 6.200341ms 5.862996msServer ========================== 0
处理请求数量：   100
平均时延： 7.535609ms
Server ========================== 1
处理请求数量：   268
平均时延： 8.15226ms
Server ========================== 2
处理请求数量：   414
平均时延： 6.349687ms
Server ========================== 3
处理请求数量：   404
平均时延： 6.181485ms
29.198902433877237   90.25   138.58095972718056   141.97013783894212   
==============================
 7.535609ms 8.15226ms 6.349687ms 6.181485msServer ========================== 0
处理请求数量：   100
平均时延： 8.861504ms
Server ========================== 1
处理请求数量：   288
平均时延： 9.188419ms
Server ========================== 2
处理请求数量：   442
平均时延： 5.974487ms
Server ========================== 3
处理请求数量：   412
平均时延： 6.173274ms
29.198902433877237   85.7375   138.58095972718056   146.4826378389421   
==============================
 8.861504ms 9.188419ms 5.974487ms 6.173274msServer ========================== 0
处理请求数量：   100
平均时延： 8.886512ms
Server ========================== 1
处理请求数量：   322
平均时延： 7.971647ms
Server ========================== 2
处理请求数量：   542
平均时延： 6.796747ms
Server ========================== 3
处理请求数量：   543
平均时延： 6.439176ms
29.198902433877237   81.45062499999999   142.86783472718056   146.4826378389421   
==============================
 8.886512ms 7.971647ms 6.796747ms 6.439176msServer ========================== 0
处理请求数量：   100
平均时延： 11.668096ms
Server ========================== 1
处理请求数量：   250
平均时延： 6.903009ms
Server ========================== 2
处理请求数量：   521
平均时延： 6.559085ms
Server ========================== 3
处理请求数量：   495
平均时延： 6.609657ms
27.738957312183373   81.45062499999999   142.86783472718056   147.94258296063597   
==============================
 11.668096ms 6.903009ms 6.559085ms 6.609657msServer ========================== 0
处理请求数量：   100
平均时延： 11.232339ms
Server ========================== 1
处理请求数量：   287
平均时延： 7.50355ms
Server ========================== 2
处理请求数量：   541
平均时延： 6.449783ms
Server ========================== 3
处理请求数量：   582
平均时延： 6.523096ms
26.352009446574204   81.45062499999999   144.25478259278972   147.94258296063597   
==============================
 11.232339ms 7.50355ms 6.449783ms 6.523096msServer ========================== 0
处理请求数量：   100
平均时延： 9.840906ms
Server ========================== 1
处理请求数量：   360
平均时延： 7.736155ms
Server ========================== 2
处理请求数量：   570
平均时延： 6.437368ms
Server ========================== 3
处理请求数量：   585
平均时延： 6.666357ms
25.034408974245494   81.45062499999999   145.57238306511843   147.94258296063597   
==============================
 9.840906ms 7.736155ms 6.437368ms 6.666357msServer ========================== 0
处理请求数量：   100
平均时延： 7.365151ms
Server ========================== 1
处理请求数量：   351
平均时延： 7.41224ms
Server ========================== 2
处理请求数量：   622
平均时延： 6.515765ms
Server ========================== 3
处理请求数量：   633
平均时延： 7.521056ms
23.782688525533217   81.45062499999999   146.8241035138307   147.94258296063597   
==============================
 7.365151ms 7.41224ms 6.515765ms 7.521056msServer ========================== 0
处理请求数量：   100
平均时延： 6.978265ms
Server ========================== 1
处理请求数量：   278
平均时延： 7.02912ms
Server ========================== 2
处理请求数量：   588
平均时延： 7.240223ms
Server ========================== 3
处理请求数量：   516
平均时延： 6.434544ms
23.782688525533217   81.45062499999999   154.2212326618625   140.54545381260417   
==============================
 6.978265ms 7.02912ms 7.240223ms 6.434544msServer ========================== 0
处理请求数量：   100
平均时延： 11.81125ms
Server ========================== 1
处理请求数量：   377
平均时延： 6.968525ms
Server ========================== 2
处理请求数量：   709
平均时延： 6.830889ms
Server ========================== 3
处理请求数量：   653
平均时延： 6.43097ms
23.782688525533217   81.45062499999999   146.51017102876938   148.2565154456973   
==============================
 11.81125ms 6.968525ms 6.830889ms 6.43097msServer ========================== 0
处理请求数量：   100
平均时延： 8.603895ms
Server ========================== 1
处理请求数量：   397
平均时延： 7.472265ms
Server ========================== 2
处理请求数量：   683
平均时延： 5.992567ms
Server ========================== 3
处理请求数量：   726
平均时延： 6.437217ms
22.593554099256554   81.45062499999999   146.51017102876938   149.44564987197396   
==============================
 8.603895ms 7.472265ms 5.992567ms 6.437217msServer ========================== 0
处理请求数量：   100
平均时延： 9.009037ms
Server ========================== 1
处理请求数量：   331
平均时延： 6.655396ms
Server ========================== 2
处理请求数量：   630
平均时延： 6.699861ms
Server ========================== 3
处理请求数量：   641
平均时延： 6.592376ms
21.463876394293724   81.45062499999999   147.6398487337322   149.44564987197396   
==============================
 9.009037ms 6.655396ms 6.699861ms 6.592376msServer ========================== 0
处理请求数量：   100
平均时延： 8.195844ms
Server ========================== 1
处理请求数量：   490
平均时延： 7.778047ms
Server ========================== 2
处理请求数量：   822
平均时延： 7.233632ms
Server ========================== 3
处理请求数量：   834
平均时延： 7.196296ms
20.390682574579035   81.45062499999999   147.6398487337322   150.51884369168863   
==============================
 8.195844ms 7.778047ms 7.233632ms 7.196296msServer ========================== 0
处理请求数量：   100
平均时延： 9.902502ms
Server ========================== 1
处理请求数量：   540
平均时延： 7.65937ms
Server ========================== 2
处理请求数量：   900
平均时延： 7.082394ms
Server ========================== 3
处理请求数量：   930
平均时延： 6.956461ms
19.371148445850082   81.45062499999999   147.6398487337322   151.5383778204176   
==============================
 9.902502ms 7.65937ms 7.082394ms 6.956461msServer ========================== 0
处理请求数量：   100
平均时延： 9.859011ms
Server ========================== 1
处理请求数量：   445
平均时延： 7.14594ms
Server ========================== 2
处理请求数量：   853
平均时延： 6.693073ms
Server ========================== 3
处理请求数量：   904
平均时延： 7.198008ms
22.6776544423363   101.269970641128   187.98212310852907   190.80369404953555   
==============================
 9.859011ms 7.14594ms 6.693073ms 7.198008msServer ========================== 0
处理请求数量：   100
平均时延： 10.814724ms
Server ========================== 1
处理请求数量：   467
平均时延： 6.890706ms
Server ========================== 2
处理请求数量：   854
平均时延： 6.856738ms
Server ========================== 3
处理请求数量：   872
平均时延： 7.020536ms
21.543771720219485   101.269970641128   189.1160058306459   190.80369404953555   
==============================
 10.814724ms 6.890706ms 6.856738ms 7.020536msServer ========================== 0
处理请求数量：   100
平均时延： 8.337388ms
Server ========================== 1
处理请求数量：   468
平均时延： 7.106826ms
Server ========================== 2
处理请求数量：   846
平均时延： 7.232598ms
Server ========================== 3
处理请求数量：   859
平均时延： 6.773423ms
20.46658313420851   101.269970641128   190.19319441665687   190.80369404953555   
==============================
 8.337388ms 7.106826ms 7.232598ms 6.773423msServer ========================== 0
处理请求数量：   100
平均时延： 8.106577ms
Server ========================== 1
处理请求数量：   465
平均时延： 7.132465ms
Server ========================== 2
处理请求数量：   821
平均时延： 6.843162ms
Server ========================== 3
处理请求数量：   855
平均时延： 6.869319ms
19.44325397749808   101.269970641128   190.19319441665687   191.82702320624597   
==============================
 8.106577ms 7.132465ms 6.843162ms 6.869319msServer ========================== 0
处理请求数量：   100
平均时延： 8.640578ms
Server ========================== 1
处理请求数量：   544
平均时延： 8.406093ms
Server ========================== 2
处理请求数量：   937
平均时延： 7.463561ms
Server ========================== 3
处理请求数量：   965
平均时延： 7.914961ms
18.471091278623177   101.269970641128   191.16535711553178   191.82702320624597   
==============================
 8.640578ms 8.406093ms 7.463561ms 7.914961msServer ========================== 0
处理请求数量：   100
平均时延： 10.387979ms
Server ========================== 1
处理请求数量：   492
平均时延： 7.874861ms
Server ========================== 2
处理请求数量：   955
平均时延： 7.917682ms
Server ========================== 3
处理请求数量：   851
平均时延： 7.450248ms
17.54753671469202   101.269970641128   192.08891167946294   191.82702320624597   
==============================
 10.387979ms 7.874861ms 7.917682ms 7.450248msServer ========================== 0
处理请求数量：   100
平均时延： 15.677724ms
Server ========================== 1
处理请求数量：   674
平均时延： 7.292494ms
Server ========================== 2
处理请求数量：   1275
平均时延： 6.681146ms
Server ========================== 3
处理请求数量：   1303
平均时延： 7.369223ms
16.670159878957417   101.269970641128   192.08891167946294   192.70440004198056   
==============================
 15.677724ms 7.292494ms 6.681146ms 7.369223msServer ========================== 0
处理请求数量：   100
平均时延： 11.647455ms
Server ========================== 1
处理请求数量：   650
平均时延： 7.205788ms
Server ========================== 2
处理请求数量：   1243
平均时延： 6.888025ms
Server ========================== 3
处理请求数量：   1292
平均时延： 7.306961ms
15.836651885009545   101.269970641128   192.92241967341081   192.70440004198056   
==============================
 11.647455ms 7.205788ms 6.888025ms 7.306961msServer ========================== 0
处理请求数量：   100
平均时延： 10.677589ms
Server ========================== 1
处理请求数量：   737
平均时延： 6.900997ms
Server ========================== 2
处理请求数量：   1373
平均时延： 6.932167ms
Server ========================== 3
处理请求数量：   1355
平均时延： 6.970244ms
15.044819290759067   101.269970641128   193.7142522676613   192.70440004198056   
==============================
 10.677589ms 6.900997ms 6.932167ms 6.970244msServer ========================== 0
处理请求数量：   100
平均时延： 2.101659ms
Server ========================== 1
处理请求数量：   661
平均时延： 6.607218ms
Server ========================== 2
处理请求数量：   1243
平均时延： 6.815599ms
Server ========================== 3
处理请求数量：   1274
平均时延： 7.137822ms
17.89584349621511   126.84283127143316   242.58132105964197   241.33190397177688   
==============================
 2.101659ms 6.607218ms 6.815599ms 7.137822msServer ========================== 0
处理请求数量：   100
平均时延： 40.731µs
Server ========================== 1
处理请求数量：   479
平均时延： 6.357486ms
Server ========================== 2
处理请求数量：   1016
平均时延： 7.435134ms
Server ========================== 3
处理请求数量：   944
平均时延： 6.56797ms
29.962438694803957   126.84283127143316   242.58132105964197   229.26530877318802   
==============================
 40.731µs 6.357486ms 7.435134ms 6.56797msServer ========================== 0
处理请求数量：   100
平均时延： 40.178µs
Server ========================== 1
处理请求数量：   523
平均时延： 6.673552ms
Server ========================== 2
处理请求数量：   1020
平均时延： 7.787538ms
Server ========================== 3
处理请求数量：   1014
平均时延： 7.641959ms
28.46431676006376   128.34095320617337   242.58132105964197   229.26530877318802   
==============================
 40.178µs 6.673552ms 7.787538ms 7.641959msServer ========================== 0
处理请求数量：   100
平均时延： 39.934µs
Server ========================== 1
处理请求数量：   524
平均时延： 6.664631ms
Server ========================== 2
处理请求数量：   927
平均时延： 7.11512ms
Server ========================== 3
处理请求数量：   862
平均时延： 6.392158ms
27.041100922060572   129.76416904417655   242.58132105964197   229.26530877318802   
==============================
 39.934µs 6.664631ms 7.11512ms 6.392158msServer ========================== 0
处理请求数量：   100
平均时延： 38.319µs
Server ========================== 1
处理请求数量：   509
平均时延： 6.37958ms
Server ========================== 2
处理请求数量：   968
平均时延： 7.33581ms
Server ========================== 3
处理请求数量：   904
平均时延： 6.910628ms
25.689045875957543   129.76416904417655   242.58132105964197   230.61736381929106   
==============================
 38.319µs 6.37958ms 7.33581ms 6.910628msServer ========================== 0
处理请求数量：   100
平均时延： 42.649µs
Server ========================== 1
处理请求数量：   551
平均时延： 7.037379ms
Server ========================== 2
处理请求数量：   946
平均时延： 7.322432ms
Server ========================== 3
处理请求数量：   1006
平均时延： 7.866486ms
24.404593582159666   131.04862133797442   242.58132105964197   230.61736381929106   
==============================
 42.649µs 7.037379ms 7.322432ms 7.866486msServer ========================== 0
处理请求数量：   100
平均时延： 40.902µs
Server ========================== 1
处理请求数量：   647
平均时延： 7.060791ms
Server ========================== 2
处理请求数量：   1141
平均时延： 7.696091ms
Server ========================== 3
处理请求数量：   1113
平均时延： 7.568194ms
23.184363903051683   132.2688510170824   242.58132105964197   230.61736381929106   
==============================
 40.902µs 7.060791ms 7.696091ms 7.568194msServer ========================== 0
处理请求数量：   100
平均时延： 43.239µs
Server ========================== 1
处理请求数量：   675
平均时延： 6.727732ms
Server ========================== 2
处理请求数量：   1280
平均时延： 8.302217ms
Server ========================== 3
处理请求数量：   1253
平均时延： 7.63355ms
22.025145707899096   133.428069212235   242.58132105964197   230.61736381929106   
==============================
 43.239µs 6.727732ms 8.302217ms 7.63355msServer ========================== 0
处理请求数量：   100
平均时延： 44.842µs
Server ========================== 1
处理请求数量：   572
平均时延： 7.109079ms
Server ========================== 2
处理请求数量：   1101
平均时延： 7.533118ms
Server ========================== 3
处理请求数量：   1050
平均时延： 7.480435ms
20.92388842250414   134.52932649762994   242.58132105964197   230.61736381929106   
==============================
 44.842µs 7.109079ms 7.533118ms 7.480435msServer ========================== 0
处理请求数量：   100
平均时延： 45.323µs
Server ========================== 1
处理请求数量：   577
平均时延： 7.413777ms
Server ========================== 2
处理请求数量：   1077
平均时延： 7.736405ms
Server ========================== 3
处理请求数量：   959
平均时延： 7.38022ms
24.755648673730594   168.59126056852108   308.52381301696704   285.79073949404136   
==============================
 45.323µs 7.413777ms 7.736405ms 7.38022msServer ========================== 0
处理请求数量：   100
平均时延： 41.409µs
Server ========================== 1
处理请求数量：   641
平均时延： 6.803976ms
Server ========================== 2
处理请求数量：   1236
平均时延： 7.830648ms
Server ========================== 3
处理请求数量：   1184
平均时延： 7.398794ms
23.517866240044064   168.59126056852108   308.52381301696704   287.02852192772787   
==============================
 41.409µs 6.803976ms 7.830648ms 7.398794msServer ========================== 0
处理请求数量：   100
平均时延： 3.286723ms
Server ========================== 1
处理请求数量：   818
平均时延： 6.954272ms
Server ========================== 2
处理请求数量：   1518
平均时延： 7.544349ms
Server ========================== 3
处理请求数量：   1396
平均时延： 7.039916ms
22.34197292804186   169.7671538805233   308.52381301696704   287.02852192772787   
==============================
 3.286723ms 6.954272ms 7.544349ms 7.039916msServer ========================== 0
处理请求数量：   100
平均时延： 8.688041ms
Server ========================== 1
处理请求数量：   355
平均时延： 7.13657ms
Server ========================== 2
处理请求数量：   634
平均时延： 6.380176ms
Server ========================== 3
处理请求数量：   649
平均时延： 6.852116ms
37.76816357889021   169.7671538805233   293.0976223661187   287.02852192772787   
==============================
 8.688041ms 7.13657ms 6.380176ms 6.852116msServer ========================== 0
处理请求数量：   100
平均时延： 10.362825ms
Server ========================== 1
处理请求数量：   560
平均时延： 7.794806ms
Server ========================== 2
处理请求数量：   942
平均时延： 6.737252ms
Server ========================== 3
处理请求数量：   878
平均时延： 6.629375ms
35.8797553999457   169.7671538805233   294.9860305450632   287.02852192772787   
==============================
 10.362825ms 7.794806ms 6.737252ms 6.629375msServer ========================== 0
处理请求数量：   100
平均时延： 8.841783ms
Server ========================== 1
处理请求数量：   440
平均时延： 7.385955ms
Server ========================== 2
处理请求数量：   761
平均时延： 6.952371ms
Server ========================== 3
处理请求数量：   711
平均时延： 6.755829ms
34.085767629948414   169.7671538805233   294.9860305450632   288.82250969772514   
==============================
 8.841783ms 7.385955ms 6.952371ms 6.755829msServer ========================== 0
处理请求数量：   100
平均时延： 11.4625ms
Server ========================== 1
处理请求数量：   563
平均时延： 7.519175ms
Server ========================== 2
处理请求数量：   933
平均时延： 6.506379ms
Server ========================== 3
处理请求数量：   959
平均时延： 6.54135ms
32.381479248450994   169.7671538805233   294.9860305450632   290.52679807922254   
==============================
 11.4625ms 7.519175ms 6.506379ms 6.54135msServer ========================== 0
处理请求数量：   100
平均时延： 9.371955ms
Server ========================== 1
处理请求数量：   469
平均时延： 7.71533ms
Server ========================== 2
处理请求数量：   758
平均时延： 6.24622ms
Server ========================== 3
处理请求数量：   803
平均时延： 6.49626ms
30.762405286028443   169.7671538805233   296.60510450748575   290.52679807922254   
==============================
 9.371955ms 7.71533ms 6.24622ms 6.49626msServer ========================== 0
处理请求数量：   100
平均时延： 8.593605ms
Server ========================== 1
处理请求数量：   550
平均时延： 7.58589ms
Server ========================== 2
处理请求数量：   1022
平均时延： 7.007997ms
Server ========================== 3
处理请求数量：   1026
平均时延： 6.844916ms
29.22428502172702   169.7671538805233   298.1432247717872   290.52679807922254   
==============================
 8.593605ms 7.58589ms 7.007997ms 6.844916msServer ========================== 0
处理请求数量：   100
平均时延： 9.649803ms
Server ========================== 1
处理请求数量：   555
平均时延： 7.601556ms
Server ========================== 2
处理请求数量：   1025
平均时延： 7.39659ms
Server ========================== 3
处理请求数量：   938
平均时延： 6.883548ms
35.26988304630739   215.17674151257768   371.709170959627   354.87727056090324   
==============================
 9.649803ms 7.601556ms 7.39659ms 6.883548msServer ========================== 0
处理请求数量：   100
平均时延： 14.866616ms
Server ========================== 1
处理请求数量：   690
平均时延： 7.331834ms
Server ========================== 2
处理请求数量：   1167
平均时延： 6.646692ms
Server ========================== 3
处理请求数量：   1096
平均时延： 6.691753ms
33.50638889399202   215.17674151257768   371.709170959627   356.64076471321863   
==============================
 14.866616ms 7.331834ms 6.646692ms 6.691753msServer ========================== 0
处理请求数量：   100
平均时延： 12.610995ms
Server ========================== 1
处理请求数量：   630
平均时延： 7.308741ms
Server ========================== 2
处理请求数量：   1169
平均时延： 6.755368ms
Server ========================== 3
处理请求数量：   1176
平均时延： 6.391461ms
31.831069449292414   215.17674151257768   373.3844904043266   356.64076471321863   
==============================
 12.610995ms 7.308741ms 6.755368ms 6.391461msServer ========================== 0
处理请求数量：   100
平均时延： 10.249514ms
Server ========================== 1
处理请求数量：   568
平均时延： 8.279168ms
Server ========================== 2
处理请求数量：   1029
平均时延： 6.637999ms
Server ========================== 3
处理请求数量：   962
平均时延： 6.002405ms
30.239515976827793   215.17674151257768   373.3844904043266   358.23231818568325   
==============================
 10.249514ms 8.279168ms 6.637999ms 6.002405msServer ========================== 0
处理请求数量：   100
平均时延： 10.278133ms
Server ========================== 1
处理请求数量：   750
平均时延： 7.217424ms
Server ========================== 2
处理请求数量：   1254
平均时延： 6.694555ms
Server ========================== 3
处理请求数量：   1331
平均时延： 7.159346ms
28.727540177986402   215.17674151257768   373.3844904043266   359.74429398452463   
==============================
 10.278133ms 7.217424ms 6.694555ms 7.159346msServer ========================== 0
处理请求数量：   100
平均时延： 15.010823ms
Server ========================== 1
处理请求数量：   799
平均时延： 6.789541ms
Server ========================== 2
处理请求数量：   1503
平均时延： 6.609528ms
Server ========================== 3
处理请求数量：   1386
平均时延： 6.722578ms
27.29116316908708   215.17674151257768   374.8208674132259   359.74429398452463   
==============================
 15.010823ms 6.789541ms 6.609528ms 6.722578msServer ========================== 0
处理请求数量：   100
平均时延： 10.771654ms
Server ========================== 1
处理请求数量：   789
平均时延： 7.540819ms
Server ========================== 2
处理请求数量：   1432
平均时延： 7.831421ms
Server ========================== 3
处理请求数量：   1286
平均时延： 7.159331ms
25.926605010632727   215.17674151257768   376.1854255716803   359.74429398452463   
==============================
 10.771654ms 7.540819ms 7.831421ms 7.159331msServer ========================== 0
处理请求数量：   100
平均时延： 12.829017ms
Server ========================== 1
处理请求数量：   771
平均时延： 7.75115ms
Server ========================== 2
处理请求数量：   1372
平均时延： 7.360104ms
Server ========================== 3
处理请求数量：   1293
平均时延： 7.253364ms
24.630274760101088   215.17674151257768   376.1854255716803   361.04062423505627   
==============================
 12.829017ms 7.75115ms 7.360104ms 7.253364msServer ========================== 0
处理请求数量：   100
平均时延： 9.152921ms
Server ========================== 1
处理请求数量：   906
平均时延： 7.300868ms
Server ========================== 2
处理请求数量：   1738
平均时延： 9.424016ms
Server ========================== 3
处理请求数量：   1536
平均时延： 6.669179ms
23.398761022096032   215.17674151257768   376.1854255716803   362.2721379730613   
==============================
 9.152921ms 7.300868ms 9.424016ms 6.669179msServer ========================== 0
处理请求数量：   100
平均时延： 10.306783ms
Server ========================== 1
处理请求数量：   888
平均时延： 6.968592ms
Server ========================== 2
处理请求数量：   1563
平均时延： 7.107587ms
Server ========================== 3
处理请求数量：   1662
平均时延： 7.642089ms
29.8363608008307   266.28164344669085   443.24346594584597   475.2469427362133   
==============================
 10.306783ms 6.968592ms 7.107587ms 7.642089msServer ========================== 0
处理请求数量：   100
平均时延： 9.382584ms
Server ========================== 1
处理请求数量：   894
平均时延： 8.375216ms
Server ========================== 2
处理请求数量：   1334
平均时延： 7.034229ms
Server ========================== 3
处理请求数量：   1401
平均时延： 7.07043ms
28.344542760789164   267.7734614867324   443.24346594584597   475.2469427362133   
==============================
 9.382584ms 8.375216ms 7.034229ms 7.07043msServer ========================== 0
处理请求数量：   100
平均时延： 16.038481ms
Server ========================== 1
处理请求数量：   1028
平均时延： 7.508012ms
Server ========================== 2
处理请求数量：   1676
平均时延： 7.330493ms
Server ========================== 3
处理请求数量：   1715
平均时延： 7.677155ms
26.927315622749703   267.7734614867324   444.6606930838854   475.2469427362133   
==============================
 16.038481ms 7.508012ms 7.330493ms 7.677155msServer ========================== 0
处理请求数量：   100
平均时延： 12.744208ms
Server ========================== 1
处理请求数量：   946
平均时延： 7.231051ms
Server ========================== 2
处理请求数量：   1600
平均时延： 6.621335ms
Server ========================== 3
处理请求数量：   1674
平均时延： 7.126733ms
25.580949841612217   267.7734614867324   446.0070588650229   475.2469427362133   
==============================
 12.744208ms 7.231051ms 6.621335ms 7.126733msServer ========================== 0
处理请求数量：   100
平均时延： 12.002263ms
Server ========================== 1
处理请求数量：   1008
平均时延： 7.162088ms
Server ========================== 2
处理请求数量：   1665
平均时延： 6.910026ms
Server ========================== 3
处理请求数量：   1747
平均时延： 6.937037ms
24.301902349531606   267.7734614867324   447.2861063571035   475.2469427362133   
==============================
 12.002263ms 7.162088ms 6.910026ms 6.937037msServer ========================== 0
处理请求数量：   100
平均时延： 13.992079ms
Server ========================== 1
处理请求数量：   1583
平均时延： 7.450824ms
Server ========================== 2
处理请求数量：   2448
平均时延： 7.016844ms
Server ========================== 3
处理请求数量：   2624
平均时延： 7.492142ms
23.086807232055023   267.7734614867324   448.5012014745801   475.2469427362133   
==============================
 13.992079ms 7.450824ms 7.016844ms 7.492142msServer ========================== 0
处理请求数量：   100
平均时延： 13.420301ms
Server ========================== 1
处理请求数量：   967
平均时延： 6.996813ms
Server ========================== 2
处理请求数量：   1692
平均时延： 6.866936ms
Server ========================== 3
处理请求数量：   1824
平均时延： 7.610712ms
21.93246687045227   267.7734614867324   449.65554183618286   475.2469427362133   
==============================
 13.420301ms 6.996813ms 6.866936ms 7.610712msServer ========================== 0
处理请求数量：   100
平均时延： 11.681379ms
Server ========================== 1
处理请求数量：   1214
平均时延： 7.040544ms
Server ========================== 2
处理请求数量：   2263
平均时延： 7.293676ms
Server ========================== 3
处理请求数量：   2303
平均时延： 7.511132ms
20.835843526929654   267.7734614867324   450.75216517970546   475.2469427362133   
==============================
 11.681379ms 7.040544ms 7.293676ms 7.511132msServer ========================== 0
处理请求数量：   100
平均时延： 11.90719ms
Server ========================== 1
处理请求数量：   1329
平均时延： 7.252592ms
Server ========================== 2
处理请求数量：   2196
平均时延： 7.223302ms
Server ========================== 3
处理请求数量：   2343
平均时延： 7.404274ms
19.79405135058317   268.81525366307886   450.75216517970546   475.2469427362133   
==============================
 11.90719ms 7.252592ms 7.223302ms 7.404274msServer ========================== 0
处理请求数量：   100
平均时延： 14.571703ms
Server ========================== 1
处理请求数量：   1712
平均时延： 7.354044ms
Server ========================== 2
处理请求数量：   2761
平均时延： 6.884556ms
Server ========================== 3
处理请求数量：   2788
平均时延： 6.895174ms
23.70095117118431   338.70443810615075   561.983254080604   587.2040821092216   
==============================
 14.571703ms 7.354044ms 6.884556ms 6.895174msServer ========================== 0
处理请求数量：   100
平均时延： 10.547588ms
Server ========================== 1
处理请求数量：   1679
平均时延： 7.261162ms
Server ========================== 2
处理请求数量：   2684
平均时延： 6.863184ms
Server ========================== 3
处理请求数量：   2770
平均时延： 7.195676ms
22.515903612625095   338.70443810615075   563.1683016391631   587.2040821092216   
==============================
 10.547588ms 7.261162ms 6.863184ms 7.195676msServer ========================== 0
处理请求数量：   100
平均时延： 15.491591ms
Server ========================== 1
处理请求数量：   1584
平均时延： 7.369523ms
Server ========================== 2
处理请求数量：   2546
平均时延： 6.544187ms
Server ========================== 3
处理请求数量：   2702
平均时延： 7.078408ms
21.39010843199384   338.70443810615075   564.2940968197944   587.2040821092216   
==============================
 15.491591ms 7.369523ms 6.544187ms 7.078408msServer ========================== 0
处理请求数量：   100
平均时延： 14.494155ms
Server ========================== 1
处理请求数量：   1608
平均时延： 6.949639ms
Server ========================== 2
处理请求数量：   2626
平均时延： 7.027793ms
Server ========================== 3
处理请求数量：   2799
平均时延： 6.88828ms
20.320603010394148   338.70443810615075   565.3636022413941   587.2040821092216   
==============================
 14.494155ms 6.949639ms 7.027793ms 6.88828msServer ========================== 0
处理请求数量：   100
平均时延： 15.618101ms
Server ========================== 1
处理请求数量：   1775
平均时延： 7.099785ms
Server ========================== 2
处理请求数量：   2956
平均时延： 7.27331ms
Server ========================== 3
处理请求数量：   3092
平均时延： 7.322342ms
19.30457285987444   338.70443810615075   565.3636022413941   588.2201122597413   
==============================
 15.618101ms 7.099785ms 7.27331ms 7.322342msServer ========================== 0
处理请求数量：   100
平均时延： 17.318589ms
Server ========================== 1
处理请求数量：   1722
平均时延： 7.141326ms
Server ========================== 2
处理请求数量：   2953
平均时延： 7.323674ms
Server ========================== 3
处理请求数量：   2895
平均时延： 7.114731ms
18.33934421688072   339.6696667491445   565.3636022413941   588.2201122597413   
==============================
 17.318589ms 7.141326ms 7.323674ms 7.114731msServer ========================== 0
处理请求数量：   100
平均时延： 18.152578ms
Server ========================== 1
处理请求数量：   2128
平均时延： 7.021011ms
Server ========================== 2
处理请求数量：   3532
平均时延： 6.657771ms
Server ========================== 3
处理请求数量：   3747
平均时延： 6.927644ms
17.422377006036683   339.6696667491445   565.3636022413941   589.1370794705854   
==============================
 18.152578ms 7.021011ms 6.657771ms 6.927644msServer ========================== 0
处理请求数量：   100
平均时延： 17.297506ms
Server ========================== 1
处理请求数量：   1936
平均时延： 6.984322ms
Server ========================== 2
处理请求数量：   3233
平均时延： 7.234625ms
Server ========================== 3
处理请求数量：   3367
平均时延： 7.106888ms
16.55125815573485   339.6696667491445   566.234721091696   589.1370794705854   
==============================
 17.297506ms 6.984322ms 7.234625ms 7.106888msServer ========================== 0
处理请求数量：   100
平均时延： 17.882469ms
Server ========================== 1
处理请求数量：   2151
平均时延： 6.889027ms
Server ========================== 2
处理请求数量：   3623
平均时延： 6.774076ms
Server ========================== 3
处理请求数量：   3740
平均时延： 6.903619ms
15.723695247948106   340.4972296569312   566.234721091696   589.1370794705854   
==============================
 17.882469ms 6.889027ms 6.774076ms 6.903619msServer ========================== 0
处理请求数量：   100
平均时延： 19.381812ms
Server ========================== 1
处理请求数量：   2298
平均时延： 7.08588ms
Server ========================== 2
处理请求数量：   3873
平均时延： 7.118594ms
Server ========================== 3
处理请求数量：   4066
平均时延： 7.141034ms
18.594589964479752   432.2799010190516   704.5605462282148   732.3295353258117   
==============================
 19.381812ms 7.08588ms 7.118594ms 7.141034msServer ========================== 0
处理请求数量：   100
平均时延： 14.647253ms
Server ========================== 1
处理请求数量：   2292
平均时延： 6.916866ms
Server ========================== 2
处理请求数量：   3816
平均时延： 6.772222ms
Server ========================== 3
处理请求数量：   4042
平均时延： 7.162549ms
17.664860466255764   433.20963051727557   704.5605462282148   732.3295353258117   
==============================
 14.647253ms 6.916866ms 6.772222ms 7.162549msServer ========================== 0
处理请求数量：   100
平均时延： 18.287144ms
Server ========================== 1
处理请求数量：   2474
平均时延： 7.143305ms
Server ========================== 2
处理请求数量：   3927
平均时延： 7.053442ms
Server ========================== 3
处理请求数量：   4167
平均时延： 7.500699ms
16.781617442942974   433.20963051727557   705.4437892515276   732.3295353258117   
==============================
 18.287144ms 7.143305ms 7.053442ms 7.500699msServer ========================== 0
处理请求数量：   100
平均时延： 21.258268ms
Server ========================== 1
处理请求数量：   2652
平均时延： 7.142388ms
Server ========================== 2
处理请求数量：   4245
平均时延： 6.923547ms
Server ========================== 3
处理请求数量：   4436
平均时延： 7.185123ms
15.942536570795824   433.20963051727557   706.2828701236748   732.3295353258117   
==============================
 21.258268ms 7.142388ms 6.923547ms 7.185123msServer ========================== 0
处理请求数量：   100
平均时延： 14.14144ms
Server ========================== 1
处理请求数量：   2851
平均时延： 6.925427ms
Server ========================== 2
处理请求数量：   4742
平均时延： 6.746331ms
Server ========================== 3
处理请求数量：   4925
平均时延： 7.276911ms
15.145409742256032   433.20963051727557   707.0799969522146   732.3295353258117   
==============================
 14.14144ms 6.925427ms 6.746331ms 7.276911msServer ========================== 0
处理请求数量：   100
平均时延： 20.381404ms
Server ========================== 1
处理请求数量：   2856
平均时延： 7.404364ms
Server ========================== 2
处理请求数量：   4514
平均时延： 7.135584ms
Server ========================== 3
处理请求数量：   4921
平均时延： 7.37622ms
14.38813925514323   433.20963051727557   707.8372674393274   732.3295353258117   
==============================
 20.381404ms 7.404364ms 7.135584ms 7.37622msServer ========================== 0
处理请求数量：   100
平均时延： 17.204488ms
Server ========================== 1
处理请求数量：   2729
平均时延： 7.84112ms
Server ========================== 2
处理请求数量：   4548
平均时延： 6.813054ms
Server ========================== 3
处理请求数量：   4583
平均时延： 6.89581ms
13.668732292386068   433.20963051727557   708.5566744020846   732.3295353258117   
==============================
 17.204488ms 7.84112ms 6.813054ms 6.89581msServer ========================== 0
处理请求数量：   100
平均时延： 16.919753ms
Server ========================== 1
处理请求数量：   3102
平均时延： 7.101031ms
Server ========================== 2
处理请求数量：   5197
平均时延： 6.866441ms
Server ========================== 3
处理请求数量：   5277
平均时延： 6.952791ms
12.985295677766764   433.20963051727557   709.2401110167038   732.3295353258117   
==============================
 16.919753ms 7.101031ms 6.866441ms 6.952791msServer ========================== 0
处理请求数量：   100
平均时延： 15.73579ms
Server ========================== 1
处理请求数量：   3618
平均时延： 7.054357ms
Server ========================== 2
处理请求数量：   5850
平均时延： 7.32123ms
Server ========================== 3
处理请求数量：   6133
平均时延： 7.340312ms
12.336030893878425   433.20963051727557   709.8893758005922   732.3295353258117   
==============================
 15.73579ms 7.054357ms 7.32123ms 7.340312msServer ========================== 0
处理请求数量：   100
平均时延： 24.752829ms
Server ========================== 1
处理请求数量：   4204
平均时延： 7.080937ms
Server ========================== 2
处理请求数量：   6921
平均时延： 6.979899ms
Server ========================== 3
处理请求数量：   6873
平均时延： 6.901948ms
14.579185366746326   547.380908167622   893.8457480401939   904.4823442326675   
==============================
 24.752829ms 7.080937ms 6.979899ms 6.901948ms### Client side ###
Average letency is 43.021809ms, errRate is 0.3%
### Balancer side ###
Hint 10.108.18.57:8080 server 10932 times
Average letency is 1.318246849s, errRate is 10.6%
Hint 10.108.18.57:8081 server 89051 times
Average letency is 7.736966ms, errRate is 0.0%
Hint 10.108.18.134:8080 server 148811 times
Average letency is 7.000284ms, errRate is 0.0%
Hint 10.108.18.135:8080 server 151205 times
Average letency is 7.055705ms, errRate is 0.0%
Finally weights: [13.85022609840901 547.380908167622 893.8457480401939 905.2113035010049]
Next request lists will come 2s latter.
