============= No.1 test case ===============
loads finished: [100 258 295 314]
latencyAVG:  455876207 85012962 6843182 10481793
latencyPCT99:  951450723 158141001 16846098 19057002
weights: [95 100 105 100]
loads finished: [100 312 329 328]
latencyAVG:  1843271330 240358960 7162387 6434382
latencyPCT99:  3517484581 995722113 27019140 15943003
weights: [90.25 100 105 104.75]
loads finished: [100 179 224 214]
latencyAVG:  2328933269 348193040 7364861 6680925
latencyPCT99:  4665600364 687208846 24106238 23077373
weights: [85.7375 100 105 109.2625]
loads finished: [100 326 335 370]
latencyAVG:  3678958686 356648727 7199992 8052823
latencyPCT99:  6667884037 695759706 34897239 18095430
weights: [81.45062499999999 100 105 113.549375]
loads finished: [138 100 129 135]
latencyAVG:  3689144717 402871629 8057133 7128031
latencyPCT99:  5563022616 885788201 28109774 20512656
weights: [77.37809374999999 100 105 117.62190625]
loads finished: [100 793 862 1030]
latencyAVG:  6785794970 230655359 7696151 8632406
latencyPCT99:  9969904938 507076987 19178221 17097472
weights: [73.50918906249998 100 105 121.4908109375]
loads finished: [200 100 105 121]
latencyAVG:  8297133946 301863614 6187449 8437165
latencyPCT99:  12567770752 808785826 13592499 36344105
weights: [69.83372960937498 100 108.675459453125 121.4908109375]
loads finished: [100 820 958 1061]
latencyAVG:  11749523053 360217546 7553235 9211325
latencyPCT99:  17702117513 1102795002 40015332 47871650
weights: [66.34204312890623 100 112.16714593359374 121.4908109375]
loads finished: [159 110 100 134]
latencyAVG:  11349113492 468262178 5992954 7767952
latencyPCT99:  16327072814 1079933624 19401150 25503361
weights: [63.02494097246091 100 115.48424809003906 121.4908109375]
loads finished: [100 552 736 798]
latencyAVG:  12202016906 738631909 7181387 8632456
latencyPCT99:  17254631912 2620224769 20944869 23706697
weights: [59.87369392383786 100 118.63549513866211 121.4908109375]
loads finished: [205 100 100 102]
latencyAVG:  14947223257 1545112490 7603777 7639148
latencyPCT99:  19274944065 3082079875 19172382 35754049
weights: [56.880009227645964 100 121.629179834854 121.4908109375]
loads finished: [100 410 458 508]
latencyAVG:  11847196833 1162593011 8114069 8738636
latencyPCT99:  21098367195 1775237598 19920124 29773579
weights: [54.03600876626366 100 124.4731802962363 121.4908109375]
loads finished: [100 323 521 447]
latencyAVG:  18251537907 1117565516 9423701 7790368
latencyPCT99:  23530726083 2856013813 22516580 17295866
weights: [51.33420832795048 100 124.4731802962363 124.19261137581319]
loads finished: [100 443 484 455]
latencyAVG:  19383247617 1218585589 10181269 7798606
latencyPCT99:  24760746960 1997011958 57882970 19753317
weights: [48.76749791155295 100 124.4731802962363 126.75932179221071]
loads finished: [350 100 176 172]
latencyAVG:  17298708198 1395478670 11850922 8443325
latencyPCT99:  20113946882 2410308694 32942650 26765943
weights: [46.3291230159753 100 124.4731802962363 129.19769668778835]
loads finished: [100 814 1068 1105]
latencyAVG:  10757763624 1223531167 8153297 8118719
latencyPCT99:  25192533985 3078388960 14055722 28733975
weights: [44.012666865176534 100 126.78963644703506 129.19769668778835]
loads finished: [100 1036 1494 1363]
latencyAVG:  23251072531 1603610736 13551111 8572738
latencyPCT99:  41843033019 3557469125 56409346 24085224
weights: [41.812033521917705 100 126.78963644703506 131.39833003104718]
loads finished: [437 107 100 105]
latencyAVG:  24884654179 1622983508 9269152 8748799
latencyPCT99:  41959342052 3059744060 27659235 19793945
weights: [39.72143184582182 100 126.78963644703506 133.48893170714305]
loads finished: [100 167 178 171]
latencyAVG:  15844810256 1551429946 9269300 7578982
latencyPCT99:  31513394977 2904960938 39246748 19083585
weights: [37.73536025353073 100 126.78963644703506 135.47500329943415]
loads finished: [100 161 345 322]
latencyAVG:  13375467349 1779912587 9929181 9322225
latencyPCT99:  34484164726 4782655735 39597794 34746013
weights: [35.84859224085419 100 126.78963644703506 137.36177131211068]
loads finished: [100 347 331 372]
latencyAVG:  8829531792 1460257853 10497795 10445346
latencyPCT99:  31842149909 2183074855 49881005 35105059
weights: [34.05616262881148 100 126.78963644703506 139.15420092415337]
loads finished: [109 100 156 188]
latencyAVG:  26873441457 1143494593 7452373 10472129
latencyPCT99:  35099569844 3350394227 15670087 27666908
weights: [32.3533544973709 100 128.49244457847564 139.15420092415337]
loads finished: [137 100 246 260]
latencyAVG:  22701409486 1919466677 8538961 7921364
latencyPCT99:  35471433945 3925839977 23934848 27055967
weights: [30.735686772502355 100 130.11011230334418 139.15420092415337]
loads finished: [100 466 598 588]
latencyAVG:  23175662063 1921879441 12271634 9607677
latencyPCT99:  44974460787 4305607071 42369311 34380958
weights: [29.198902433877237 100 130.11011230334418 140.6909852627785]
loads finished: [392 100 296 324]
latencyAVG:  31163557952 1770932792 14306777 12066590
latencyPCT99:  35412869336 3814947797 33584322 60197178
weights: [27.738957312183373 100 131.57005742503804 140.6909852627785]
loads finished: [142 125 100 110]
latencyAVG:  15952923907 2106293942 7457958 9502218
latencyPCT99:  41724185423 3863944603 20810263 27508715
weights: [26.352009446574204 100 132.9570052906472 140.6909852627785]
loads finished: [218 136 100 112]
latencyAVG:  14937666254 3785074985 8714065 10564036
latencyPCT99:  31146836975 5711244372 41276736 34276534
weights: [25.034408974245494 100 132.9570052906472 142.0085857351072]
loads finished: [100 611 915 1010]
latencyAVG:  14521002411 2384544197 10228780 10550408
latencyPCT99:  36609289927 3534848239 48599302 26159780
weights: [23.782688525533217 100 132.9570052906472 143.26030618381947]
loads finished: [100 113 249 271]
latencyAVG:  14785220121 2337796989 10418782 11117294
latencyPCT99:  42259002039 4612422090 51413782 28920087
weights: [22.593554099256554 100 132.9570052906472 144.44944061009613]
loads finished: [100 172 314 381]
latencyAVG:  17375280142 3130538458 9298167 11707705
latencyPCT99:  30649571772 6317696298 20698016 59294008
weights: [21.463876394293724 100 134.08668299561003 144.44944061009613]
loads finished: [216 269 100 115]
latencyAVG:  15486024231 2766959163 9213168 11388813
latencyPCT99:  27921467761 5682521577 26547557 44795469
weights: [20.390682574579035 100 135.1598768153247 144.44944061009613]
loads finished: [100 146 171 193]
latencyAVG:  17263600317 2892338704 11441045 10078095
latencyPCT99:  30398252472 7540452745 45474568 37094990
weights: [19.371148445850082 100 135.1598768153247 145.4689747388251]
loads finished: [100 1082 1692 1830]
latencyAVG:  15378228245 2967364766 12068368 12649758
latencyPCT99:  47019382889 5908869144 42848773 36805486
weights: [18.402591023557576 100 135.1598768153247 146.4375321611176]
loads finished: [342 100 227 234]
latencyAVG:  23143145890 3589643706 11216983 9752056
latencyPCT99:  39189848654 6965940969 34441267 41902245
weights: [17.482461472379697 100 136.08000636650257 146.4375321611176]
loads finished: [100 232 341 390]
latencyAVG:  28205193535 3306065698 10837837 13666047
latencyPCT99:  54557258524 6302491800 29231202 49257163
weights: [16.60833839876071 100 136.95412944012156 146.4375321611176]
loads finished: [100 404 334 409]
latencyAVG:  7711733122 4261569912 9010017 14506910
latencyPCT99:  42121170487 9086366364 28300829 27447131
weights: [15.777921478822675 100 136.95412944012156 147.26794908105563]
loads finished: [408 100 225 235]
latencyAVG:  30203003092 3051388277 12480223 15689321
latencyPCT99:  57557118181 6025557823 26686403 74936967
weights: [14.98902540488154 100 137.7430255140627 147.26794908105563]
loads finished: [100 176 170 200]
latencyAVG:  6752131643 3676944513 8903979 10937670
latencyPCT99:  14754224206 7255170659 37206567 49086794
weights: [14.239574134637461 100 138.49247678430677 147.26794908105563]
loads finished: [100 273 697 717]
latencyAVG:  1519310571 3931641536 95654624 10967729
latencyPCT99:  6915640486 6867302034 293235630 42068269
weights: [13.527595427905588 100 138.49247678430677 147.97992778778752]
loads finished: [100 790 1069 1041]
latencyAVG:  9305044 5690329087 40719799 9713178
latencyPCT99:  100540666 10129119333 77889345 49041721
weights: [13.527595427905588 95 138.49247678430677 152.97992778778752]
loads finished: [100 787 1144 1254]
latencyAVG:  15282999 4387822607 12602225 11895968
latencyPCT99:  116691784 7483603514 58565670 20766360
weights: [13.527595427905588 90.25 138.49247678430677 157.72992778778752]
loads finished: [100 638 959 1124]
latencyAVG:  21131257 5214373192 24370152 14118067
latencyPCT99:  161806932 11006347621 174965097 34772036
weights: [13.527595427905588 85.7375 138.49247678430677 162.2424277877875]
loads finished: [100 566 1099 1320]
latencyAVG:  11786988 5312468219 27793925 17753712
latencyPCT99:  81359308 14464838467 14819532 66486326
weights: [13.527595427905588 81.45062499999999 142.77935178430678 162.2424277877875]
loads finished: [100 790 960 1074]
latencyAVG:  14917574 5062182021 45570327 13548999
latencyPCT99:  123467060 6790408149 248176047 72126461
weights: [13.527595427905588 77.37809374999999 142.77935178430678 166.3149590377875]
loads finished: [100 744 1021 1218]
latencyAVG:  10304146 4011388305 54266277 22418782
latencyPCT99:  97912318 5878499171 21981746 96290413
weights: [13.527595427905588 73.50918906249998 146.64825647180677 166.3149590377875]
loads finished: [100 987 1162 1362]
latencyAVG:  15498123 1979013673 136328776 15446300
latencyPCT99:  120643359 873381298 595635636 47493718
weights: [13.527595427905588 69.83372960937498 146.64825647180677 169.9904184909125]
loads finished: [100 719 1349 1547]
latencyAVG:  10044494 21209331 373057881 21750464
latencyPCT99:  76044334 27042796 554271000 36625502
weights: [13.527595427905588 77.16614243296533 139.31584364821643 169.9904184909125]
loads finished: [100 549 987 1171]
latencyAVG:  9765985 8663592 78135548 17843580
latencyPCT99:  91227907 28311582 19599063 64658452
weights: [12.851215656510307 77.16614243296533 139.99222341961172 169.9904184909125]
loads finished: [100 659 1096 1386]
latencyAVG:  16587383 13983160 13214350 23686090
latencyPCT99:  105746992 24681516 37139602 141846987
weights: [12.851215656510307 85.66566335751095 139.99222341961172 161.49089756636687]
loads finished: [100 641 1005 1163]
latencyAVG:  11857444 10743114 9541465 12386447
latencyPCT99:  107123359 20680358 24192747 36516812
weights: [12.208654873684791 86.30822414033646 139.99222341961172 161.49089756636687]
loads finished: [100 694 1088 1306]
latencyAVG:  13112585 9993587 26686383 16148188
latencyPCT99:  107679547 18749481 178159773 64012230
weights: [12.208654873684791 93.30783531131705 132.99261224863113 161.49089756636687]
loads finished: [100 822 1237 1380]
latencyAVG:  14987948 29445508 119639174 15852394
latencyPCT99:  169214938 236714147 25309762 89110422
weights: [12.208654873684791 88.64244354575119 137.658004014197 161.49089756636687]
loads finished: [100 781 1131 1284]
latencyAVG:  13190865 20084547 11401961 11482433
latencyPCT99:  130935223 119649691 44848475 29252610
weights: [11.59822213000055 88.64244354575119 137.658004014197 162.1013303100511]
loads finished: [100 915 1500 1611]
latencyAVG:  7735756 11069024 29404384 11828844
latencyPCT99:  22975370 30713321 235650182 52632438
weights: [18.4811223307104 88.64244354575119 130.77510381348714 162.1013303100511]
loads finished: [100 463 687 856]
latencyAVG:  13394594 20139661 9720611 15746059
latencyPCT99:  115904383 76037135 40032629 37111137
weights: [17.557066214174878 88.64244354575119 130.77510381348714 163.02538642658664]
loads finished: [100 584 881 982]
latencyAVG:  9155175 19982253 11620648 14553068
latencyPCT99:  77302306 85920588 38743292 59451903
weights: [17.557066214174878 84.21032136846362 135.2072259907747 163.02538642658664]
loads finished: [100 441 799 1001]
latencyAVG:  10039339 9853944 8712790 27590899
latencyPCT99:  114944087 42504455 55140888 53901708
weights: [16.679212903466134 85.08817467917237 135.2072259907747 163.02538642658664]
loads finished: [100 544 948 1024]
latencyAVG:  9364689 11427227 56416373 15587918
latencyPCT99:  85394758 87644268 68130813 36165128
weights: [16.679212903466134 80.83376594521374 135.2072259907747 167.27979516054526]
loads finished: [100 556 1023 1215]
latencyAVG:  9549164 9511283 12200815 19205108
latencyPCT99:  93339942 47504100 53620996 41019398
weights: [15.845252258292826 80.83376594521374 135.2072259907747 168.11375580571857]
loads finished: [100 466 737 930]
latencyAVG:  8132479 10491463 9610119 19758745
latencyPCT99:  23929996 35625137 41948084 53975003
weights: [24.250940048578755 80.83376594521374 135.2072259907747 159.70806801543264]
loads finished: [100 304 546 636]
latencyAVG:  8530841 9058785 8959336 12111820
latencyPCT99:  38102598 22398136 24344190 36714493
weights: [23.038393046149817 82.04631294764268 135.2072259907747 159.70806801543264]
loads finished: [100 357 608 728]
latencyAVG:  7700119 8918619 20951047 12695903
latencyPCT99:  20637499 23763103 118496597 53763331
weights: [29.798754345688554 82.04631294764268 128.44686469123596 159.70806801543264]
loads finished: [100 307 447 513]
latencyAVG:  9560629 19561667 8222508 11161859
latencyPCT99:  26181969 62600192 33080870 51694888
weights: [33.901069993070685 77.94399730026053 128.44686469123596 159.70806801543264]
loads finished: [100 259 429 499]
latencyAVG:  9335809 12301990 8772068 13136834
latencyPCT99:  34022130 39509290 18395116 50776533
weights: [33.901069993070685 77.94399730026053 136.4322680920076 151.722664614661]
loads finished: [100 215 360 422]
latencyAVG:  11241387 13581713 8514758 10975692
latencyPCT99:  48479334 106887981 21642823 20633891
weights: [33.901069993070685 74.0467974352475 136.4322680920076 155.61986447967402]
loads finished: [100 237 406 438]
latencyAVG:  9673794 20547564 22357196 10267166
latencyPCT99:  46545883 77897937 132608751 43811360
weights: [33.901069993070685 74.0467974352475 129.61065468740722 162.4414778842744]
loads finished: [100 190 357 447]
latencyAVG:  9083080 10158441 8818877 12395264
latencyPCT99:  24399196 66120697 30093051 34169683
weights: [37.60340986483306 70.34445756348512 129.61065468740722 162.4414778842744]
loads finished: [100 163 310 393]
latencyAVG:  31316746 12064908 8051071 21490321
latencyPCT99:  163434238 87045497 40029235 56281917
weights: [35.723239371591404 70.34445756348512 131.49082518064887 162.4414778842744]
loads finished: [100 194 329 445]
latencyAVG:  11954078 13251320 11975231 22471582
latencyPCT99:  44052393 37202092 51521798 48616471
weights: [35.723239371591404 76.91899882251757 124.91628392161643 162.4414778842744]
loads finished: [100 171 269 351]
latencyAVG:  23179564 12153395 8186992 14697977
latencyPCT99:  135667971 33587038 27118564 57768654
weights: [33.937077403011834 76.91899882251757 126.702445890196 162.4414778842744]
loads finished: [100 218 344 454]
latencyAVG:  13786436 15693562 7693059 14780386
latencyPCT99:  56727283 42529957 18646517 34441484
weights: [32.24022353286124 76.91899882251757 128.3992997603466 162.4414778842744]
loads finished: [100 168 356 446]
latencyAVG:  8981831 11002026 13012296 16376979
latencyPCT99:  40945779 41831439 96561180 30353292
weights: [32.24022353286124 76.91899882251757 121.97933477232925 168.86144287229175]
loads finished: [100 235 400 549]
latencyAVG:  7189155 8378778 9623166 22283462
latencyPCT99:  17601273 23300485 25402248 52380529
weights: [40.68329567647583 76.91899882251757 121.97933477232925 160.41837072867716]
loads finished: [100 182 248 379]
latencyAVG:  46571468 21547674 6882528 14745115
latencyPCT99:  230719723 92172025 16492830 50440897
weights: [38.64913089265204 76.91899882251757 124.01349955615305 160.41837072867716]
loads finished: [100 171 285 373]
latencyAVG:  55231483 12886251 8005913 15764944
latencyPCT99:  263848964 42808702 38823663 34530653
weights: [36.71667434801944 76.91899882251757 124.01349955615305 162.35082727330976]
loads finished: [100 255 351 497]
latencyAVG:  12627951 11659394 7167983 16305388
latencyPCT99:  71603766 45584388 15925199 82270687
weights: [36.71667434801944 76.91899882251757 132.13104091981853 154.23328590964425]
loads finished: [100 201 370 507]
latencyAVG:  8455774 9821443 10481836 17876417
latencyPCT99:  25509007 25192696 17889012 43324917
weights: [36.71667434801944 76.91899882251757 139.84270521530075 146.52162161416203]
loads finished: [100 228 413 462]
latencyAVG:  10385384 11119919 24758567 17399513
latencyPCT99:  52509566 59310556 54668807 27312108
weights: [36.71667434801944 73.07304888139168 139.84270521530075 150.3675715552879]
loads finished: [100 191 366 392]
latencyAVG:  9772118 11385222 65778611 12552091
latencyPCT99:  25810904 29049324 315387337 60875637
weights: [43.70880960878448 73.07304888139168 132.8505699545357 150.3675715552879]
loads finished: [100 184 345 364]
latencyAVG:  17646429 29283088 45388780 9562864
latencyPCT99:  68641720 175099309 57067136 30898900
weights: [43.70880960878448 69.41939643732209 132.8505699545357 154.0212239993575]
loads finished: [100 228 362 451]
latencyAVG:  37866067 130820322 27162138 13324498
latencyPCT99:  154676205 250199137 153430145 57003077
weights: [43.70880960878448 65.94842661545599 132.8505699545357 157.4921938212236]
loads finished: [100 156 310 382]
latencyAVG:  52262693 109524305 39990688 14813917
latencyPCT99:  185051299 402752717 97180046 60181431
weights: [43.70880960878448 62.65100528468319 132.8505699545357 160.7896151519964]
loads finished: [100 117 256 301]
latencyAVG:  190191446 114381879 26542688 10206860
latencyPCT99:  465027907 290946631 72916979 49711521
weights: [41.52336912834525 62.65100528468319 132.8505699545357 162.9750556324356]
loads finished: [100 114 301 360]
latencyAVG:  102940742 218325113 28371331 18230531
latencyPCT99:  309036149 509575988 79561324 77747538
weights: [41.52336912834525 59.518455020449025 132.8505699545357 166.10760589666978]
loads finished: [100 180 264 380]
latencyAVG:  120289135 323341142 15344695 29769600
latencyPCT99:  434534950 738682388 44212822 136003671
weights: [41.52336912834525 56.54253226942657 135.82649270555814 166.10760589666978]
loads finished: [100 119 322 384]
latencyAVG:  74751116 128622936 52961669 18131787
latencyPCT99:  323987734 549204593 183277876 37629655
weights: [41.52336912834525 53.715405655955244 135.82649270555814 168.93473251014112]
loads finished: [100 162 281 398]
latencyAVG:  39922371 151406877 37000161 72263358
latencyPCT99:  305087105 808097002 129546778 246885469
weights: [41.52336912834525 51.02963537315748 138.5122629883559 168.93473251014112]
loads finished: [100 126 324 428]
latencyAVG:  10373964 8780399 20304123 43390838
latencyPCT99:  46672141 27547534 53248392 42902737
weights: [41.52336912834525 57.955248522575275 131.5866498389381 168.93473251014112]
loads finished: [100 165 376 501]
latencyAVG:  9679414 10282214 12623255 19004303
latencyPCT99:  55703803 50803929 56437231 45936280
weights: [41.52336912834525 57.955248522575275 125.00731734699117 175.51406500208802]
loads finished: [100 150 309 430]
latencyAVG:  13776329 10977871 22765442 19095339
latencyPCT99:  68338754 47020544 65469777 72096189
weights: [41.52336912834525 66.73095177267967 125.00731734699117 166.7383617519836]
loads finished: [100 129 247 340]
latencyAVG:  101669030 12646267 20140571 16856994
latencyPCT99:  373571576 49848456 70304313 77863781
weights: [39.44720067192799 68.80712022909694 125.00731734699117 166.7383617519836]
loads finished: [100 165 284 421]
latencyAVG:  10344806 10382266 14827500 21228412
latencyPCT99:  37745370 25212085 38386680 85936567
weights: [39.44720067192799 77.14403831669611 125.00731734699117 158.4014436643844]
loads finished: [100 173 291 366]
latencyAVG:  26412146 13248881 22582034 11857406
latencyPCT99:  151725905 53867161 78770327 30191703
weights: [37.474840638331585 77.14403831669611 125.00731734699117 160.3738036979808]
loads finished: [100 191 321 428]
latencyAVG:  9885211 14757841 27840815 18553268
latencyPCT99:  29817957 57829123 140267218 74504987
weights: [43.72520650568114 77.14403831669611 118.75695147964161 160.3738036979808]
loads finished: [100 214 349 396]
latencyAVG:  12836828 23697353 38776455 11508617
latencyPCT99:  45740160 158290589 59853803 45955514
weights: [47.58240842151595 73.2868364008613 118.75695147964161 160.3738036979808]
loads finished: [100 179 255 368]
latencyAVG:  93595160 14290091 15203848 13515758
latencyPCT99:  354050051 54063576 49115314 59397780
weights: [45.20328800044015 73.2868364008613 121.13607190071741 160.3738036979808]
loads finished: [100 124 226 335]
latencyAVG:  255177988 13824146 16419513 21373711
latencyPCT99:  556795460 46644547 58259829 78526868
weights: [42.94312360041815 75.54700080088331 121.13607190071741 160.3738036979808]
loads finished: [100 171 265 398]
latencyAVG:  34107301 12410454 16535363 15646413
latencyPCT99:  351299702 47940323 56816031 46005026
weights: [40.79596742039724 75.54700080088331 121.13607190071741 162.52095987800172]
loads finished: [100 142 253 360]
latencyAVG:  14641115 12305314 17723341 15485368
latencyPCT99:  59766247 46896369 75258802 44819482
weights: [40.79596742039724 75.54700080088331 115.07926830568154 168.57776347303758]
loads finished: [100 207 276 426]
latencyAVG:  29090602 14688358 16005460 21072378
latencyPCT99:  174861318 86290330 75819800 38666459
weights: [38.75616904937738 75.54700080088331 115.07926830568154 170.61756184405743]
loads finished: [100 215 344 473]
latencyAVG:  10939161 11112288 22523192 17215241
latencyPCT99:  61425429 40709250 78912495 64112921
weights: [38.75616904937738 81.30096421616739 109.32530489039746 170.61756184405743]
loads finished: [100 214 247 418]
latencyAVG:  14193103 17968145 13753212 22238278
latencyPCT99:  58372128 44876903 45853625 74706749
weights: [38.75616904937738 89.83184230837026 109.32530489039746 162.08668375185457]
loads finished: [100 203 216 378]
latencyAVG:  15326744 40974912 11133693 19744145
latencyPCT99:  54669710 106762484 38141201 58852893
weights: [38.75616904937738 85.34025019295174 113.81689700581597 162.08668375185457]
loads finished: [100 180 263 340]
latencyAVG:  33085329 15811766 20161364 12098027
latencyPCT99:  170076201 74441459 59625096 47450280
weights: [36.818360596908505 85.34025019295174 113.81689700581597 164.02449220432342]
loads finished: [100 237 328 456]
latencyAVG:  17273091 16709120 16119542 22274491
latencyPCT99:  85554657 68993073 49136660 72446516
weights: [34.97744256706308 85.34025019295174 115.6578150356614 164.02449220432342]
loads finished: [100 284 362 531]
latencyAVG:  10773279 11710962 14301725 14568211
latencyPCT99:  32370706 25210589 54355644 50893860
weights: [34.97744256706308 91.12314094473481 109.87492428387833 164.02449220432342]
loads finished: [100 274 345 486]
latencyAVG:  13341315 69378752 26760717 16659926
latencyPCT99:  41979042 225599150 99415757 41620914
weights: [34.97744256706308 86.56698389749808 109.87492428387833 168.58064925156017]
loads finished: [100 218 328 496]
latencyAVG:  8548077 12921483 17132620 19839843
latencyPCT99:  29384430 39260921 57399279 42312479
weights: [40.471188781257 86.56698389749808 104.38117806968441 168.58064925156017]
loads finished: [100 220 283 463]
latencyAVG:  26396893 67644529 15608032 28080590
latencyPCT99:  142806914 256605087 50607624 42548638
weights: [40.471188781257 82.23863470262317 104.38117806968441 172.90899844643508]
loads finished: [100 245 270 421]
latencyAVG:  16917055 35100318 13638953 14462488
latencyPCT99:  97440449 123385375 53449590 22381511
weights: [40.471188781257 78.12670296749201 104.38117806968441 177.02093018156623]
loads finished: [100 210 244 387]
latencyAVG:  18246796 15902391 12293586 21627574
latencyPCT99:  85470585 54241446 57467978 125211362
weights: [40.471188781257 86.97774947657032 104.38117806968441 168.1698836724879]
loads finished: [100 227 245 447]
latencyAVG:  22144617 39298226 11422215 31992507
latencyPCT99:  126572194 156821935 47731851 61152125
weights: [40.471188781257 82.6288620027418 108.73006554351292 168.1698836724879]
loads finished: [100 194 219 383]
latencyAVG:  99626106 267549515 13759832 17071087
latencyPCT99:  329509788 721703627 60090261 85716811
weights: [40.471188781257 78.49741890260471 112.86150864365001 168.1698836724879]
loads finished: [100 249 331 488]
latencyAVG:  68608155 45345723 18377762 20217041
latencyPCT99:  385344004 53753160 39481042 45035127
weights: [38.44762934219415 78.49741890260471 114.88506808271286 168.1698836724879]
loads finished: [100 177 285 396]
latencyAVG:  16377912 13988653 20136261 14483145
latencyPCT99:  71874803 80970512 86935635 70501262
weights: [38.44762934219415 78.49741890260471 109.14081467857721 173.91413707662355]
loads finished: [100 214 255 387]
latencyAVG:  21158233 38583499 16424870 12308872
latencyPCT99:  98589185 164996171 54954028 54748482
weights: [38.44762934219415 74.57254795747447 109.14081467857721 177.83900802175378]
loads finished: [100 209 289 471]
latencyAVG:  10150636 18914523 12404724 30938146
latencyPCT99:  43958712 101374165 43987028 84260860
weights: [42.17625674006787 70.84392055960075 109.14081467857721 177.83900802175378]
loads finished: [100 175 236 376]
latencyAVG:  16295095 10737683 15184102 16322713
latencyPCT99:  117296303 38176855 44578409 63987129
weights: [40.06744390306447 72.95273339660415 109.14081467857721 177.83900802175378]
loads finished: [100 169 247 415]
latencyAVG:  67947209 13172379 12086750 23114717
latencyPCT99:  353282015 40636270 56279031 55752822
weights: [38.064071707911246 74.95610559175736 109.14081467857721 177.83900802175378]
loads finished: [100 188 274 363]
latencyAVG:  20373029 13864484 21350444 14708597
latencyPCT99:  137006652 31124588 63863873 53771623
weights: [36.16086812251568 76.85930917715292 109.14081467857721 177.83900802175378]
loads finished: [100 222 322 499]
latencyAVG:  8761154 11187521 16970771 19775960
latencyPCT99:  26244557 59016768 90800564 44396686
weights: [41.617908856444544 76.85930917715292 103.68377394464835 177.83900802175378]
loads finished: [100 186 249 418]
latencyAVG:  12645958 12717754 17822489 17369493
latencyPCT99:  56560280 39980555 84990852 73266792
weights: [41.617908856444544 82.04349787438534 98.49958524741592 177.83900802175378]
loads finished: [100 207 229 416]
latencyAVG:  19627628 46808243 10111607 25424705
latencyPCT99:  151426862 158593235 28204147 105521164
weights: [41.617908856444544 77.94132298066607 102.60176014113519 177.83900802175378]
loads finished: [100 193 230 423]
latencyAVG:  19905807 20867466 11685452 38504202
latencyPCT99:  78779665 104760653 32978709 114037546
weights: [41.617908856444544 77.94132298066607 111.49371054222287 168.9470576206661]
loads finished: [100 152 218 326]
latencyAVG:  17216244 20087979 14115343 17338258
latencyPCT99:  71259073 107337010 61907915 41181400
weights: [41.617908856444544 74.04425683163277 111.49371054222287 172.8441237696994]
loads finished: [100 192 269 439]
latencyAVG:  19486395 21560319 15696816 25689220
latencyPCT99:  185641930 32177705 56732305 86203464
weights: [39.53701341362231 76.12515227445499 111.49371054222287 172.8441237696994]
loads finished: [100 200 253 446]
latencyAVG:  25464682 19711616 13018039 37127450
latencyPCT99:  155484023 59264119 68536331 48782169
weights: [37.560162742941195 76.12515227445499 111.49371054222287 174.8209744403805]
loads finished: [100 203 304 439]
latencyAVG:  16535699 15012640 22289297 20238432
latencyPCT99:  51618758 59140172 101187815 43746976
weights: [37.560162742941195 76.12515227445499 105.91902501511173 180.39565996749164]
loads finished: [100 187 270 488]
latencyAVG:  9263397 10118536 12164336 75252412
latencyPCT99:  40106797 28321444 40830482 317154789
weights: [37.560162742941195 85.14493527282957 105.91902501511173 171.37587696911706]
loads finished: [100 203 295 509]
latencyAVG:  42417869 14670386 18223968 89106710
latencyPCT99:  360199029 76561601 75887825 128265091
weights: [35.68215460579413 85.14493527282957 107.79703315225879 171.37587696911706]
loads finished: [100 191 245 393]
latencyAVG:  29083198 14452464 13483718 19820909
latencyPCT99:  218941535 40446266 53236249 59710221
weights: [33.89804687550443 86.92904300311928 107.79703315225879 171.37587696911706]
loads finished: [100 280 318 562]
latencyAVG:  9380848 13947525 12960779 24755580
latencyPCT99:  27484893 35037403 42737997 67653091
weights: [42.46684072396028 86.92904300311928 107.79703315225879 162.8070831206612]
loads finished: [100 208 274 452]
latencyAVG:  38781582 11269740 13615663 29222532
latencyPCT99:  204028255 31448430 57422488 61145636
weights: [40.34349868776226 89.05238503931729 107.79703315225879 162.8070831206612]
loads finished: [100 234 244 407]
latencyAVG:  16474900 37854912 12791404 17073735
latencyPCT99:  83647929 138984148 56730940 46244127
weights: [40.34349868776226 84.59976578735142 107.79703315225879 167.25970237262706]
loads finished: [100 235 280 494]
latencyAVG:  21040686 17195107 15348722 29918115
latencyPCT99:  156712634 57777844 45517481 64453087
weights: [38.32632375337415 84.59976578735142 109.8142080866469 167.25970237262706]
loads finished: [100 223 279 425]
latencyAVG:  17873151 33208615 19264780 31405169
latencyPCT99:  191190674 150938136 63273030 28452584
weights: [36.41000756570544 84.59976578735142 109.8142080866469 169.17601856029577]
loads finished: [100 251 308 460]
latencyAVG:  24786171 45013953 15335111 18993602
latencyPCT99:  158702319 153347763 39745163 103774914
weights: [34.58950718742017 84.59976578735142 111.63470846493217 169.17601856029577]
loads finished: [100 282 353 549]
latencyAVG:  11924320 27511610 17838256 21866504
latencyPCT99:  54653937 94875298 48943990 67009943
weights: [34.58950718742017 80.36977749798385 115.86469675429974 169.17601856029577]
loads finished: [100 247 427 536]
latencyAVG:  11460915 9838226 26709062 16990687
latencyPCT99:  98575728 27873711 66382513 55068579
weights: [32.86003182804916 82.09925285735486 115.86469675429974 169.17601856029577]
loads finished: [100 263 398 580]
latencyAVG:  9345078 11077139 22078919 23834992
latencyPCT99:  33819023 65269565 91083333 65280386
weights: [38.65326666576415 82.09925285735486 110.07146191658475 169.17601856029577]
loads finished: [100 200 287 411]
latencyAVG:  20365433 17535326 20995807 15583605
latencyPCT99:  137475471 49665615 76803330 78413786
weights: [36.72060333247594 84.03191619064306 110.07146191658475 169.17601856029577]
loads finished: [100 208 270 468]
latencyAVG:  32152114 11776366 12253742 43576255
latencyPCT99:  233727976 35902325 47656060 163929195
weights: [34.88457316585214 85.86794635726686 110.07146191658475 169.17601856029577]
loads finished: [100 249 272 493]
latencyAVG:  11371926 18151522 6850146 64776002
latencyPCT99:  37954273 89070468 25148957 62708915
weights: [34.88457316585214 81.57454903940351 114.36485923444809 169.17601856029577]
loads finished: [100 229 298 439]
latencyAVG:  13071143 14243851 7431690 13453297
latencyPCT99:  62584079 77245437 25934091 61517418
weights: [34.88457316585214 77.49582158743333 118.44358668641827 169.17601856029577]
loads finished: [100 213 325 434]
latencyAVG:  13461422 12918137 8958042 13282861
latencyPCT99:  66265653 37201352 31902931 57328354
weights: [33.14034450755953 77.49582158743333 120.18781534471088 169.17601856029577]
loads finished: [100 215 312 452]
latencyAVG:  15062824 13740394 6947416 15674351
latencyPCT99:  63475377 66110629 16201105 40610420
weights: [33.14034450755953 73.62103050806165 124.06260642408255 169.17601856029577]
loads finished: [100 188 292 402]
latencyAVG:  18266455 13785138 7309994 17813800
latencyPCT99:  127850626 64827900 27356815 68082404
weights: [31.483327282181556 73.62103050806165 125.71962364946052 169.17601856029577]
loads finished: [100 258 441 599]
latencyAVG:  8528277 12198720 8188063 24982774
latencyPCT99:  28005641 60934970 15197243 63364523
weights: [31.483327282181556 73.62103050806165 134.1784245774753 160.71721763228098]
loads finished: [100 222 370 462]
latencyAVG:  11666374 12790234 10080748 13762405
latencyPCT99:  53141679 26441497 43191167 49252079
weights: [29.909160918072477 75.19519687217073 134.1784245774753 160.71721763228098]
loads finished: [100 193 330 394]
latencyAVG:  11168078 14208155 8851154 10366702
latencyPCT99:  36753832 47252882 18280122 49000079
weights: [29.909160918072477 75.19519687217073 142.21428545908935 152.6813567506669]
loads finished: [100 296 531 605]
latencyAVG:  9506325 9195295 8349108 12158684
latencyPCT99:  37204779 30761321 15949251 48943501
weights: [29.909160918072477 75.19519687217073 149.8483532966227 145.04728891313354]
loads finished: [100 217 416 417]
latencyAVG:  11917629 12975405 18298073 10602264
latencyPCT99:  71977932 36590266 134382829 50654576
weights: [29.909160918072477 82.68761453700186 142.35593563179154 145.04728891313354]
loads finished: [100 273 438 429]
latencyAVG:  9431678 23076830 13628874 10366057
latencyPCT99:  48665434 142865853 74876046 51990746
weights: [34.04354164492257 78.55323381015177 142.35593563179154 145.04728891313354]
loads finished: [100 205 409 392]
latencyAVG:  11592091 12747755 13546578 9581282
latencyPCT99:  52933240 65087596 70458741 40495291
weights: [34.04354164492257 78.55323381015177 135.23813885020195 152.16508569472313]
loads finished: [100 236 437 528]
latencyAVG:  10076767 10278155 9227843 14836533
latencyPCT99:  43666122 27508519 49585792 34414541
weights: [34.04354164492257 85.31514075266186 128.47623190769184 152.16508569472313]
loads finished: [100 243 397 428]
latencyAVG:  15260971 16674742 8215551 9822305
latencyPCT99:  76605459 87344235 24852723 22670975
weights: [34.04354164492257 81.04938371502877 128.47623190769184 156.4308427323562]
loads finished: [100 252 413 537]
latencyAVG:  9031125 9752424 18939589 19957319
latencyPCT99:  31956706 31172596 121934666 31944272
weights: [34.04354164492257 87.47319531041336 122.05242031230725 156.4308427323562]
loads finished: [100 307 417 520]
latencyAVG:  12036556 33531532 8961045 16577174
latencyPCT99:  70288545 53660347 25496490 42560417
weights: [32.34136456267644 87.47319531041336 123.75459739455337 156.4308427323562]
loads finished: [100 244 352 466]
latencyAVG:  16509681 19033234 7935220 13009807
latencyPCT99:  71965891 66295296 20696521 31078954
weights: [30.724296334542615 87.47319531041336 125.37166562268719 156.4308427323562]
loads finished: [100 208 312 393]
latencyAVG:  12874659 27396045 10639253 16212393
latencyPCT99:  49332166 127903149 33871269 20271519
weights: [30.724296334542615 83.09953554489269 125.37166562268719 160.80450249787688]
loads finished: [100 306 490 583]
latencyAVG:  9672184 14363112 13597404 12292215
latencyPCT99:  28135183 70076748 64043644 42876457
weights: [34.87927311178725 78.94455876764805 125.37166562268719 160.80450249787688]
loads finished: [100 229 356 452]
latencyAVG:  12148065 15177633 7591969 15074819
latencyPCT99:  65378855 81951755 14063296 92930849
weights: [34.87927311178725 78.94455876764805 133.41189074758103 152.76427737298303]
loads finished: [100 219 380 427]
latencyAVG:  8913035 12602167 10658940 10464469
latencyPCT99:  23908810 35963381 76151426 31428566
weights: [41.5498676491663 78.94455876764805 126.74129621020197 152.76427737298303]
loads finished: [100 176 285 346]
latencyAVG:  13593554 13665703 15138986 17059895
latencyPCT99:  81305243 55729534 82411416 21888620
weights: [41.5498676491663 78.94455876764805 120.40423139969187 159.10134218349313]
loads finished: [100 179 255 361]
latencyAVG:  13597148 14157475 9353664 15488662
latencyPCT99:  53454546 79631190 45283494 78963362
weights: [41.5498676491663 74.99733082926564 124.35145933807426 159.10134218349313]
loads finished: [100 186 292 339]
latencyAVG:  26971515 20674191 9523405 11178831
latencyPCT99:  155390908 73274235 43606171 61271221
weights: [39.47237426670799 74.99733082926564 126.42895272053258 159.10134218349313]
loads finished: [100 197 291 379]
latencyAVG:  20267387 14377094 9117924 14085064
latencyPCT99:  121313212 44028983 39535739 38785930
weights: [37.49875555337259 74.99733082926564 126.42895272053258 161.07496089682854]
loads finished: [100 206 366 435]
latencyAVG:  22913400 11858668 7950869 10260146
latencyPCT99:  177231715 37350044 34624105 31156848
weights: [35.623817775703955 74.99733082926564 126.42895272053258 162.94989867449718]
loads finished: [100 168 325 403]
latencyAVG:  8872951 9796652 8330830 12607219
latencyPCT99:  26916174 27501792 27011923 22265211
weights: [35.623817775703955 71.24746428780234 126.42895272053258 166.69976521596047]
loads finished: [100 207 376 477]
latencyAVG:  12211312 12074369 10203621 15405635
latencyPCT99:  56977041 35514580 54296115 46277991
weights: [33.84262688691876 73.02865517658755 126.42895272053258 166.69976521596047]
loads finished: [100 230 419 505]
latencyAVG:  8290683 10656398 16261895 15834083
latencyPCT99:  26248851 55393248 64029044 30030272
weights: [40.164074522945384 73.02865517658755 120.10750508450595 166.69976521596047]
loads finished: [100 135 268 354]
latencyAVG:  42220119 11908613 8150967 16932034
latencyPCT99:  236058038 41049557 21366575 63584100
weights: [38.15587079679811 73.02865517658755 122.11570881065322 166.69976521596047]
loads finished: [100 183 287 431]
latencyAVG:  25402347 10348766 6931291 24982974
latencyPCT99:  267102112 24097324 20369464 117011660
weights: [36.248077256958204 73.02865517658755 124.02350235049312 166.69976521596047]
loads finished: [100 219 357 516]
latencyAVG:  10116955 10024975 7795882 20425716
latencyPCT99:  56615032 46824949 37364583 50856978
weights: [34.435673394110296 73.02865517658755 125.83590621334103 166.69976521596047]
loads finished: [100 223 406 549]
latencyAVG:  11109040 10900490 8605308 16601598
latencyPCT99:  38321149 35035695 30866998 41669180
weights: [34.435673394110296 73.02865517658755 134.17089447413906 158.36477695516243]
loads finished: [100 239 404 471]
latencyAVG:  11234370 13780136 12078886 18158395
latencyPCT99:  38499716 81590232 65730091 45910278
weights: [38.087106152939675 69.37722241775816 134.17089447413906 158.36477695516243]
loads finished: [100 169 296 357]
latencyAVG:  12359807 15094425 8791458 16001462
latencyPCT99:  42939019 75731260 28935569 79276033
weights: [38.087106152939675 69.37722241775816 142.08913332189718 150.4465381074043]
loads finished: [100 193 387 397]
latencyAVG:  10336107 11836447 15312540 11078314
latencyPCT99:  44940277 38365382 77447458 47228858
weights: [38.087106152939675 76.48167908385302 134.9846766558023 150.4465381074043]
loads finished: [100 172 308 378]
latencyAVG:  11212010 10582172 18690970 13758138
latencyPCT99:  55086985 41051968 23482990 30754997
weights: [36.18275084529269 76.48167908385302 136.8890319634493 150.4465381074043]
loads finished: [100 213 407 452]
latencyAVG:  17177318 12704639 14610541 11078873
latencyPCT99:  131586974 33032771 40042599 40940462
weights: [34.37361330302805 78.29081662611766 136.8890319634493 150.4465381074043]
loads finished: [100 233 363 485]
latencyAVG:  8690145 14169811 76615692 10724400
latencyPCT99:  27342970 68913693 453065345 20390187
weights: [34.37361330302805 78.29081662611766 130.04458036527683 157.29098970557678]
loads finished: [100 226 398 497]
latencyAVG:  10459348 15833267 339658753 14685461
latencyPCT99:  71934487 23058974 922023583 46818051
weights: [34.37361330302805 84.79304564438151 123.54235134701298 157.29098970557678]
loads finished: [100 249 353 426]
latencyAVG:  12402332 22199868 429763348 14940560
latencyPCT99:  79984961 122036461 947122296 30062028
weights: [34.37361330302805 84.79304564438151 117.36523377966233 163.46810727292743]
loads finished: [100 234 341 435]
latencyAVG:  12649929 13800577 393527866 16173148
latencyPCT99:  74626663 30730133 712151537 41802004
weights: [34.37361330302805 90.66130733336462 111.49697209067921 163.46810727292743]
loads finished: [100 235 345 443]
latencyAVG:  14775312 37162550 157332308 17696108
latencyPCT99:  62234024 166547002 107386349 42751860
weights: [34.37361330302805 86.12824196669638 111.49697209067921 168.00117263959567]
loads finished: [100 282 325 459]
latencyAVG:  12741749 89282639 25383173 14161284
latencyPCT99:  55476984 263467935 93116508 30291323
weights: [34.37361330302805 81.82182986836156 111.49697209067921 172.30758473793048]
loads finished: [100 283 351 530]
latencyAVG:  12374207 20454313 56481294 20592680
latencyPCT99:  70501504 51263909 61764895 84516842
weights: [34.37361330302805 90.43720910525809 111.49697209067921 163.69220550103395]
loads finished: [100 276 354 487]
latencyAVG:  9674330 34469178 48613312 14432093
latencyPCT99:  30521006 179094445 268278642 29249549
weights: [34.37361330302805 90.43720910525809 105.92212348614524 169.26705410556792]
loads finished: [100 250 300 466]
latencyAVG:  12495583 49841462 23097266 19155792
latencyPCT99:  51280391 41105562 125980728 69166522
weights: [34.37361330302805 95.73331527956535 100.62601731183797 169.26705410556792]
loads finished: [100 286 283 498]
latencyAVG:  19666642 24723939 16870260 17840476
latencyPCT99:  111438039 126532866 59853739 50400976
weights: [34.37361330302805 90.94664951558707 100.62601731183797 174.0537198695462]
loads finished: [100 282 295 494]
latencyAVG:  12220836 27790386 17320561 22066952
latencyPCT99:  54979156 160134356 43801839 63266452
weights: [34.37361330302805 86.39931703980771 105.17334978761733 174.0537198695462]
loads finished: [100 281 300 545]
latencyAVG:  10745102 86833141 19602852 57982354
latencyPCT99:  39487080 90903887 101894624 120236011
weights: [43.07629929650536 86.39931703980771 105.17334978761733 165.35103387606887]
loads finished: [100 218 235 404]
latencyAVG:  36495975 26052633 19764612 27381281
latencyPCT99:  156550750 103531861 72225249 98639974
weights: [40.92248433168009 86.39931703980771 107.3271647524426 165.35103387606887]
loads finished: [100 174 227 380]
latencyAVG:  31209305 14510266 20257601 22640925
latencyPCT99:  184988102 71791775 72891183 33137133
weights: [38.876360115096084 86.39931703980771 107.3271647524426 167.39715809265286]
loads finished: [100 219 289 443]
latencyAVG:  12612873 13140396 26391551 17725859
latencyPCT99:  55740699 58275423 123618804 53373578
weights: [38.876360115096084 86.39931703980771 101.96080651482046 172.763516330275]
loads finished: [100 259 318 523]
latencyAVG:  11242312 15983422 28995461 26229080
latencyPCT99:  58663424 103777443 83082453 91537868
weights: [43.196325967086466 82.07935118781732 101.96080651482046 172.763516330275]
loads finished: [100 210 257 405]
latencyAVG:  15012066 19377829 21811067 16221348
latencyPCT99:  65417558 49356594 80272447 49566316
weights: [43.196325967086466 87.17739151355835 96.86276618907944 172.763516330275]
loads finished: [100 182 236 376]
latencyAVG:  12972676 11751879 18780501 15724930
latencyPCT99:  52655563 38251560 45862115 28606333
weights: [41.036509668732144 87.17739151355835 96.86276618907944 174.9233326286293]
loads finished: [100 220 245 428]
latencyAVG:  12981408 30971932 21003417 15881215
latencyPCT99:  38346043 189258960 77100873 55511722
weights: [45.39537924441006 82.81852193788043 96.86276618907944 174.9233326286293]
loads finished: [100 178 219 387]
latencyAVG:  20078434 16368800 17095355 16970610
latencyPCT99:  95779905 32991982 36745076 70234503
weights: [43.125610282189555 85.08829090010093 96.86276618907944 174.9233326286293]
loads finished: [100 244 293 493]
latencyAVG:  18559044 13681473 20462453 25003886
latencyPCT99:  94330826 54221410 98962225 46473969
weights: [43.125610282189555 85.08829090010093 92.01962787962546 179.76647093808327]
loads finished: [100 205 195 412]
latencyAVG:  49094397 21139437 16019272 23750524
latencyPCT99:  250007339 62965219 55467049 74443301
weights: [40.96932976808007 85.08829090010093 94.17590839373494 179.76647093808327]
loads finished: [100 158 211 383]
latencyAVG:  45014176 17178396 14626586 31948622
latencyPCT99:  262601500 94957754 45847940 88663836
weights: [38.92086327967607 85.08829090010093 96.22437488213895 179.76647093808327]
loads finished: [100 194 216 409]
latencyAVG:  12548570 14524664 20612207 21831425
latencyPCT99:  42041316 38217918 61658554 43036499
weights: [38.92086327967607 89.89950964420788 91.413156138032 179.76647093808327]
loads finished: [100 201 206 441]
latencyAVG:  13805446 16346305 15020851 88883352
latencyPCT99:  58625467 85949780 65743168 202047539
weights: [47.90918682658023 89.89950964420788 91.413156138032 170.7781473911791]
loads finished: [100 190 194 416]
latencyAVG:  25167848 17163053 11490645 64408909
latencyPCT99:  183702230 61410936 25815502 121888868
weights: [45.513727485251216 89.89950964420788 93.80861547936101 170.7781473911791]
loads finished: [100 216 213 422]
latencyAVG:  74108059 117470324 13480867 27461625
latencyPCT99:  290355448 210770492 56183787 73133020
weights: [43.238041110988654 89.89950964420788 96.08430185362357 170.7781473911791]
loads finished: [100 190 225 360]
latencyAVG:  38038117 26004384 20441459 18320482
latencyPCT99:  271783449 95785554 98551728 53371346
weights: [41.07613905543922 89.89950964420788 96.08430185362357 172.94004944672852]
loads finished: [100 248 240 492]
latencyAVG:  10763792 65035211 19599703 27376157
latencyPCT99:  69139832 248639196 44755901 99480357
weights: [41.07613905543922 85.40453416199749 100.57927733583396 172.94004944672852]
loads finished: [100 215 241 435]
latencyAVG:  14300879 59130116 20651705 35507676
latencyPCT99:  82704473 37984619 53646826 155833789
weights: [41.07613905543922 94.05153663433391 100.57927733583396 164.2930469743921]
loads finished: [100 247 266 457]
latencyAVG:  14371849 23988743 22403570 20631601
latencyPCT99:  54454645 105153681 66835294 61904271
weights: [45.77871588715592 89.34895980261722 100.57927733583396 164.2930469743921]
loads finished: [100 248 263 421]
latencyAVG:  53828914 26113963 29872102 17084923
latencyPCT99:  383203840 86322854 121665995 23809890
weights: [43.48978009279812 89.34895980261722 100.57927733583396 166.5819827687499]
loads finished: [100 159 211 323]
latencyAVG:  197180741 22903499 22518436 16524466
latencyPCT99:  594590730 123882936 52903479 36648470
weights: [41.31529108815821 89.34895980261722 100.57927733583396 168.7564717733898]
loads finished: [100 240 249 401]
latencyAVG:  62281140 113518736 21435569 18376402
latencyPCT99:  320535834 144403833 112791140 35438328
weights: [39.2495265337503 89.34895980261722 100.57927733583396 170.8222363277977]
loads finished: [100 250 265 423]
latencyAVG:  18746736 104145588 24961469 15469672
latencyPCT99:  103707758 139502046 87084554 35944188
weights: [39.2495265337503 84.88151181248635 100.57927733583396 175.28968431792856]
loads finished: [100 200 251 445]
latencyAVG:  14341827 17854795 22512441 33488153
latencyPCT99:  72583318 49994715 100434620 81558224
weights: [39.2495265337503 89.91047567927805 95.55031346904227 175.28968431792856]
loads finished: [100 175 210 383]
latencyAVG:  44747705 16281475 18920287 20953020
latencyPCT99:  237047049 64904415 59391747 46897899
weights: [37.287050207062784 89.91047567927805 95.55031346904227 177.25216064461608]
loads finished: [100 188 228 388]
latencyAVG:  19378693 21984436 18694713 21166264
latencyPCT99:  65418135 98981896 68341627 133431199
weights: [46.149658239293586 89.91047567927805 95.55031346904227 168.38955261238527]
loads finished: [100 191 203 400]
latencyAVG:  25309653 17691735 18116382 34110919
latencyPCT99:  103816444 36297704 74937017 100563223
weights: [43.8421753273289 92.21795859124273 95.55031346904227 168.38955261238527]
loads finished: [100 215 236 408]
latencyAVG:  26741515 243181459 15703916 13207778
latencyPCT99:  104207233 713267295 68015806 40045386
weights: [43.8421753273289 87.60706066168059 95.55031346904227 173.0004505419474]
loads finished: [100 281 263 423]
latencyAVG:  44254053 346364534 20389855 25145820
latencyPCT99:  257415590 589952389 59870923 21232332
weights: [43.8421753273289 83.22670762859656 95.55031346904227 177.38080357503142]
loads finished: [100 170 214 381]
latencyAVG:  40300848 16297024 15287759 33820450
latencyPCT99:  291180095 71476920 71477023 159502579
weights: [41.65006656096246 85.418816394963 95.55031346904227 177.38080357503142]
loads finished: [100 218 244 451]
latencyAVG:  14583055 21545993 20646252 32668662
latencyPCT99:  67491587 107113726 130920545 77082786
weights: [46.42758223441457 85.418816394963 90.77279779559015 177.38080357503142]
loads finished: [100 205 213 416]
latencyAVG:  31974079 14979222 13607316 19553077
latencyPCT99:  176795494 69671578 70961339 93937913
weights: [44.10620312269384 87.74019550668373 90.77279779559015 177.38080357503142]
loads finished: [100 204 216 422]
latencyAVG:  16838485 14658725 17883634 30251851
latencyPCT99:  83966597 39667759 85481575 98031905
weights: [44.10620312269384 96.60923568543531 90.77279779559015 168.51176339627983]
loads finished: [100 220 228 409]
latencyAVG:  23461963 39678568 16919159 22207534
latencyPCT99:  109562340 81063523 62415660 56936030
weights: [41.90089296655915 96.60923568543531 90.77279779559015 170.71707355241452]
loads finished: [100 220 223 393]
latencyAVG:  42433096 65730666 16902416 21991178
latencyPCT99:  217508837 299964687 77026200 27465547
weights: [41.90089296655915 91.77877390116353 90.77279779559015 175.54753533668628]
loads finished: [100 242 244 488]
latencyAVG:  17830325 364268782 13164393 23733089
latencyPCT99:  86865069 704409947 41077131 86243560
weights: [41.90089296655915 87.18983520610536 95.36173649064833 175.54753533668628]
loads finished: [100 258 210 406]
latencyAVG:  33391007 372460434 12665988 34805996
latencyPCT99:  167026927 614276788 58601250 150140486
weights: [41.90089296655915 82.83034344580008 99.7212282509536 175.54753533668628]
loads finished: [100 228 276 420]
latencyAVG:  47223328 151533900 32555558 18622850
latencyPCT99:  215419443 211333275 195893303 55601970
weights: [39.80584831823119 82.83034344580008 99.7212282509536 177.64257998501424]
loads finished: [100 195 252 447]
latencyAVG:  15912308 15626520 14699928 30619371
latencyPCT99:  61396090 84837028 42218792 131809704
weights: [39.80584831823119 82.83034344580008 108.60335725020431 168.76045098576353]
loads finished: [100 192 245 360]
latencyAVG:  38475970 62839437 31260722 16231648
latencyPCT99:  201242689 234652118 77994473 29179202
weights: [39.80584831823119 78.68882627351007 108.60335725020431 172.90196815805353]
loads finished: [100 214 292 445]
latencyAVG:  23237520 15400474 34669220 24088283
latencyPCT99:  186426643 58386521 181302538 56458134
weights: [37.81555590231963 78.68882627351007 108.60335725020431 174.8922605739651]
loads finished: [100 203 313 478]
latencyAVG:  9075960 11888422 39021700 24986860
latencyPCT99:  44510807 46289320 96268836 101409153
weights: [46.560168931017884 78.68882627351007 108.60335725020431 166.14764754526684]
loads finished: [100 156 214 338]
latencyAVG:  156450671 22114885 21889179 18184417
latencyPCT99:  431282112 89676361 74712548 68780372
weights: [44.23216048446699 78.68882627351007 108.60335725020431 168.47565599181772]
loads finished: [100 173 234 364]
latencyAVG:  44110593 19338884 26343254 16324174
latencyPCT99:  242544851 46009525 65756184 75174632
weights: [42.020552460243636 80.90043429773343 108.60335725020431 168.47565599181772]
loads finished: [100 189 241 392]
latencyAVG:  80205420 15597734 23006734 19604381
latencyPCT99:  290407258 52161022 88295136 67139126
weights: [39.91952483723145 83.00146192074561 108.60335725020431 168.47565599181772]
loads finished: [100 230 332 479]
latencyAVG:  12402084 20149389 43720804 21681733
latencyPCT99:  62747964 157745251 137766712 158523681
weights: [48.34330763682234 83.00146192074561 108.60335725020431 160.05187319222682]
loads finished: [100 243 290 427]
latencyAVG:  62674044 65579021 21796544 11416857
latencyPCT99:  380672137 286084407 90970248 44280119
weights: [45.92614225498122 83.00146192074561 108.60335725020431 162.46903857406795]
loads finished: [100 156 229 306]
latencyAVG:  173145089 18424571 48352503 16513269
latencyPCT99:  607610873 56571140 90998225 40615427
weights: [43.62983514223216 83.00146192074561 108.60335725020431 164.765345686817]
loads finished: [100 208 299 381]
latencyAVG:  280883719 138145771 25047605 11546990
latencyPCT99:  630889334 477568784 88579377 36838997
weights: [41.44834338512055 83.00146192074561 108.60335725020431 166.94683744392862]
loads finished: [100 154 176 289]
latencyAVG:  288739545 42543785 15449918 14930621
latencyPCT99:  678774366 114144932 69353471 28902303
weights: [39.375926215864524 83.00146192074561 108.60335725020431 169.01925461318464]
loads finished: [100 229 283 431]
latencyAVG:  21192343 22384044 26548140 16157268
latencyPCT99:  139988351 60273257 83616159 61964463
weights: [37.407129905071294 84.97025823153884 108.60335725020431 169.01925461318464]
loads finished: [100 239 338 505]
latencyAVG:  8801774 24514985 33422888 19819375
latencyPCT99:  35957388 231065332 136323144 29163197
weights: [37.407129905071294 80.72174531996188 108.60335725020431 173.26776752476158]
loads finished: [100 251 297 526]
latencyAVG:  11915477 20119898 19546264 22673328
latencyPCT99:  91281041 45405868 55914758 77404994
weights: [35.53677340981773 82.59210181521544 108.60335725020431 173.26776752476158]
loads finished: [100 254 345 525]
latencyAVG:  11691583 12765795 33182804 37680914
latencyPCT99:  61432672 45091327 137972427 35122661
weights: [35.53677340981773 82.59210181521544 103.1731893876941 178.6979353872718]
loads finished: [100 266 329 561]
latencyAVG:  23399576 13884470 22345916 29280516
latencyPCT99:  194723574 37886140 60801060 154514065
weights: [33.75993473932684 84.36894048570633 103.1731893876941 178.6979353872718]
loads finished: [100 254 321 549]
latencyAVG:  11360323 22030297 20247880 36033232
latencyPCT99:  36901085 69611356 73136468 58656728
weights: [38.91859420871154 84.36894048570633 98.01452991830938 178.6979353872718]
loads finished: [100 191 235 440]
latencyAVG:  9522139 11067652 15704787 44531759
latencyPCT99:  27585311 40402599 43487176 181939792
weights: [47.85349097807513 84.36894048570633 98.01452991830938 169.7630386179082]
loads finished: [100 218 225 433]
latencyAVG:  57450116 21452824 18975031 44078802
latencyPCT99:  344478847 101587023 124985732 79878022
weights: [45.46081642917137 84.36894048570633 98.01452991830938 172.15571316681195]
loads finished: [100 177 207 335]
latencyAVG:  155325285 25970068 23237479 15052806
latencyPCT99:  411264861 171032508 49954909 53614024
weights: [43.1877756077128 84.36894048570633 100.28757073976794 172.15571316681195]
loads finished: [100 157 190 298]
latencyAVG:  211624359 117566337 6375332 16476808
latencyPCT99:  550142142 344297706 20118816 75622628
weights: [41.02838682732716 84.36894048570633 102.44695952015358 172.15571316681195]
loads finished: [100 218 235 435]
latencyAVG:  64971440 62169308 6576758 40761927
latencyPCT99:  250942367 76974231 23942211 82273692
weights: [38.9769674859608 84.36894048570633 104.49837886151994 172.15571316681195]
loads finished: [100 189 261 447]
latencyAVG:  42233721 16102702 7325691 48060212
latencyPCT99:  167337850 61292953 16288649 168331386
weights: [38.9769674859608 84.36894048570633 113.10616451986054 163.54792750847133]
loads finished: [100 295 368 520]
latencyAVG:  11984141 17401482 8225013 16713847
latencyPCT99:  43807291 34308642 40564969 53928120
weights: [38.9769674859608 92.5463368611299 113.10616451986054 155.37053113304776]
loads finished: [100 235 286 388]
latencyAVG:  20056665 96856523 10376920 19334145
latencyPCT99:  93650870 408699000 54227026 37918542
weights: [38.9769674859608 87.9190200180734 113.10616451986054 159.99784797610425]
loads finished: [100 257 317 461]
latencyAVG:  13747192 43252028 7912681 14199991
latencyPCT99:  53774378 55460249 21046460 64034182
weights: [38.9769674859608 87.9190200180734 121.10605691866576 151.99795557729902]
loads finished: [100 226 247 357]
latencyAVG:  27130838 45608394 6700870 10804540
latencyPCT99:  168492682 148392279 27191382 21829907
weights: [37.028119111662754 87.9190200180734 121.10605691866576 153.94680395159708]
loads finished: [100 255 368 454]
latencyAVG:  19917211 17126289 10636013 11604699
latencyPCT99:  121193104 95963697 26376209 32798931
weights: [35.176713156079614 87.9190200180734 122.95746287424889 153.94680395159708]
loads finished: [100 251 319 454]
latencyAVG:  10904264 21233875 6987542 13932267
latencyPCT99:  37851230 49754089 14009783 38881695
weights: [35.176713156079614 83.52306901716972 127.35341387515255 153.94680395159708]
loads finished: [100 245 358 489]
latencyAVG:  11979102 15473697 7145599 16942341
latencyPCT99:  52236165 83788013 15247795 40363946
weights: [35.176713156079614 79.34691556631122 131.52956732601103 153.94680395159708]
loads finished: [100 266 452 511]
latencyAVG:  14272029 14139843 9530577 10766180
latencyPCT99:  96909835 45529623 40403951 38750240
weights: [33.41787749827563 79.34691556631122 131.52956732601103 155.70563960940106]
loads finished: [100 232 366 480]
latencyAVG:  9512294 10108652 7682281 12863983
latencyPCT99:  28805219 30039430 14659399 52340402
weights: [33.41787749827563 79.34691556631122 139.31484930648108 147.92035762893101]
loads finished: [100 218 395 416]
latencyAVG:  13223589 16986998 10110546 10473818
latencyPCT99:  64670973 64177360 39905508 35954869
weights: [31.746983623361846 79.34691556631122 139.31484930648108 149.5912515038448]
loads finished: [100 222 421 432]
latencyAVG:  8334158 12455694 85652302 9405125
latencyPCT99:  24296671 27959207 242502902 36520063
weights: [38.7127260886859 79.34691556631122 132.349106841157 149.5912515038448]
loads finished: [100 201 397 403]
latencyAVG:  14165781 13564050 61969491 11758027
latencyPCT99:  83904645 50805734 107701016 59930808
weights: [38.7127260886859 85.96437090836908 125.73165149909916 149.5912515038448]
loads finished: [100 180 267 342]
latencyAVG:  27282523 20027173 6990471 11430706
latencyPCT99:  163356051 78411156 23876547 30645954
weights: [36.7770897842516 85.96437090836908 127.66728780353345 149.5912515038448]
loads finished: [100 216 282 345]
latencyAVG:  83639727 37278200 7328783 10563096
latencyPCT99:  263355228 177584528 28084717 31373653
weights: [34.93823529503902 85.96437090836908 129.50614229274603 149.5912515038448]
loads finished: [100 201 309 393]
latencyAVG:  18724367 12257045 9143232 13158128
latencyPCT99:  94748287 43196155 27945035 33338762
weights: [33.19132353028707 85.96437090836908 131.253054057498 149.5912515038448]
loads finished: [100 252 380 399]
latencyAVG:  12989787 42705368 12863627 9749974
latencyPCT99:  71434276 156308331 36762788 33093777
weights: [33.19132353028707 81.66615236295061 131.253054057498 153.88947004926325]
loads finished: [100 280 482 535]
latencyAVG:  8583211 11606033 9998324 11606741
latencyPCT99:  23780064 42992665 33078830 38936137
weights: [37.2746311484346 77.58284474480308 131.253054057498 153.88947004926325]
loads finished: [100 228 360 422]
latencyAVG:  14936816 15627417 7641695 10276298
latencyPCT99:  64395879 57265573 21337824 26598607
weights: [35.41089959101287 77.58284474480308 133.11678561491973 153.88947004926325]
loads finished: [100 192 380 427]
latencyAVG:  18803298 11644877 19246172 12600515
latencyPCT99:  100028675 54998082 44205755 60502126
weights: [33.64035461146223 77.58284474480308 134.88733059447037 153.88947004926325]
loads finished: [100 162 312 398]
latencyAVG:  14645756 13234745 9862042 12966550
latencyPCT99:  53139719 57046750 41251463 51975491
weights: [33.64035461146223 73.70370250756292 138.76647283171053 153.88947004926325]
loads finished: [100 179 357 409]
latencyAVG:  9993716 11122853 20910021 15392708
latencyPCT99:  28984600 37516917 170777758 14561724
weights: [33.64035461146223 73.70370250756292 131.828149190125 160.82779369084878]
loads finished: [100 170 348 366]
latencyAVG:  13267403 12444510 53202199 13345617
latencyPCT99:  44372170 31726823 34322694 57716943
weights: [33.64035461146223 81.74509219210536 131.828149190125 152.78640400630633]
loads finished: [100 284 486 593]
latencyAVG:  17756997 12673101 8183135 17620551
latencyPCT99:  161800702 63199460 25524667 25890749
weights: [31.958336880889117 81.74509219210536 133.5101669206981 152.78640400630633]
loads finished: [100 250 375 472]
latencyAVG:  12184858 11964177 7961360 14863345
latencyPCT99:  55285111 41331232 29169357 33922299
weights: [30.36042003684466 81.74509219210536 135.10808376474256 152.78640400630633]
loads finished: [100 232 462 489]
latencyAVG:  10033089 9527898 14672885 14095864
latencyPCT99:  70650451 19819323 36704045 58115342
weights: [28.842399035002423 83.26311319394759 135.10808376474256 152.78640400630633]
loads finished: [100 329 544 630]
latencyAVG:  9386678 10083436 16897685 16089278
latencyPCT99:  41176310 25648724 27868710 96934740
weights: [28.842399035002423 90.9024333942629 135.10808376474256 145.147083805991]
loads finished: [100 297 405 441]
latencyAVG:  11522727 113760436 9843397 9727718
latencyPCT99:  62658340 390863973 18685581 25605875
weights: [28.842399035002423 86.35731172454975 139.6532054344557 145.147083805991]
loads finished: [100 320 470 468]
latencyAVG:  16948065 117196059 28323675 8811481
latencyPCT99:  73470390 37640503 69667795 33119759
weights: [27.4002790832523 86.35731172454975 139.6532054344557 146.58920375774113]
loads finished: [100 367 557 556]
latencyAVG:  9964982 13954935 12793908 10095423
latencyPCT99:  45570266 55145200 44536580 33261014
weights: [27.4002790832523 82.03944613832225 139.6532054344557 150.90706934396863]
loads finished: [100 326 502 601]
latencyAVG:  9262695 14470571 9011626 11897873
latencyPCT99:  26709752 40933184 37239496 50244312
weights: [34.94563255045073 82.03944613832225 139.6532054344557 143.3617158767702]
loads finished: [100 238 401 398]
latencyAVG:  15426275 13272118 34858627 10301883
latencyPCT99:  80938442 24676939 183613379 35818024
weights: [34.94563255045073 89.02210641004504 132.67054516273294 143.3617158767702]
loads finished: [100 236 382 389]
latencyAVG:  10192780 13237542 17341862 8523654
latencyPCT99:  44563707 70884266 36242343 38119196
weights: [34.94563255045073 84.57100108954279 137.1216504832352 143.3617158767702]
loads finished: [100 242 332 371]
latencyAVG:  23248714 48855077 8123995 9217541
latencyPCT99:  84523168 170131771 29784481 38648512
weights: [34.94563255045073 80.34245103506565 141.35020053771234 143.3617158767702]
loads finished: [100 203 335 307]
latencyAVG:  16241855 17883493 17158923 8135886
latencyPCT99:  79555562 53035095 24641708 31007817
weights: [33.19835092292819 80.34245103506565 143.09748216523488 143.3617158767702]
loads finished: [100 227 429 430]
latencyAVG:  15893289 10225350 73924772 10872052
latencyPCT99:  82488131 42119408 262986556 24892388
weights: [33.19835092292819 80.34245103506565 135.94260805697314 150.51658998503194]
loads finished: [100 218 423 437]
latencyAVG:  11743753 12029974 52987647 10557165
latencyPCT99:  45111650 36775276 25056368 36835516
weights: [31.538433376781782 80.34245103506565 137.60252560311955 150.51658998503194]
loads finished: [100 247 407 471]
latencyAVG:  11271372 14302866 8724644 11147763
latencyPCT99:  58542381 43266939 23884094 32852588
weights: [29.96151170794269 80.34245103506565 139.17944727195862 150.51658998503194]
loads finished: [100 252 411 444]
latencyAVG:  20072914 14255497 10094572 11020827
latencyPCT99:  165284111 41877662 49888481 38364743
weights: [28.463436122545556 80.34245103506565 139.17944727195862 152.0146655704291]
loads finished: [100 317 554 583]
latencyAVG:  10513380 12637012 22262995 10020973
latencyPCT99:  52892628 85181919 91851595 38794575
weights: [28.463436122545556 80.34245103506565 132.22047490836067 158.973637934027]
loads finished: [100 280 449 590]
latencyAVG:  12691029 23222635 11430066 22774105
latencyPCT99:  89489842 66282291 24113492 55232850
weights: [27.040264316418277 80.34245103506565 133.64364671448794 158.973637934027]
loads finished: [100 337 554 662]
latencyAVG:  10421564 10457513 15619109 12090200
latencyPCT99:  79755428 43955905 90294549 36394790
weights: [27.040264316418277 80.34245103506565 126.96146437876354 165.65582026975142]
loads finished: [100 349 518 677]
latencyAVG:  11369241 15029984 8537590 17067917
latencyPCT99:  49880670 41863540 28404794 38806874
weights: [25.688251100597363 80.34245103506565 128.31347759458444 165.65582026975142]
loads finished: [100 382 612 806]
latencyAVG:  8751257 9521449 8357252 21204113
latencyPCT99:  21016487 21320105 21618767 86012575
weights: [33.97104211408494 80.34245103506565 128.31347759458444 157.37302925626383]
loads finished: [100 204 387 442]
latencyAVG:  13283994 11104114 8424162 13255778
latencyPCT99:  66275665 39513638 25039819 42738828
weights: [32.272490008380686 80.34245103506565 130.01202970028868 157.37302925626383]
loads finished: [100 230 429 486]
latencyAVG:  10571611 15411347 10607986 9811382
latencyPCT99:  44710369 35435616 18422600 57581891
weights: [32.272490008380686 80.34245103506565 137.88068116310188 149.50437779345063]
loads finished: [100 266 453 475]
latencyAVG:  18875781 13691846 10788946 11057869
latencyPCT99:  168031853 77347247 42168909 46795763
weights: [30.65886550796165 80.34245103506565 139.49430566352092 149.50437779345063]
loads finished: [100 204 348 390]
latencyAVG:  22128055 11790620 8502070 9936249
latencyPCT99:  145974222 31115331 27894035 33291483
weights: [29.125922232563568 80.34245103506565 141.027248938919 149.50437779345063]
loads finished: [100 246 451 522]
latencyAVG:  8415577 10459087 9881005 10826405
latencyPCT99:  27653127 33228408 18754534 18200074
weights: [29.125922232563568 76.32532848331236 141.027248938919 153.52150034520392]
loads finished: [100 269 485 517]
latencyAVG:  8417957 11108485 20583310 11363950
latencyPCT99:  35192507 27052840 109500523 31015307
weights: [29.125922232563568 83.3766909302583 133.97588649197306 153.52150034520392]
loads finished: [100 268 481 503]
latencyAVG:  9418515 20788146 32385765 11522381
latencyPCT99:  36291685 82050625 36657782 46999290
weights: [33.29475677907648 79.20785638374538 133.97588649197306 153.52150034520392]
loads finished: [100 276 440 517]
latencyAVG:  10388492 16124265 8657304 11842483
latencyPCT99:  37168158 67041406 36665535 34040841
weights: [33.29475677907648 75.2474635645581 133.97588649197306 157.48189316439118]
loads finished: [100 210 380 496]
latencyAVG:  9002700 10362902 8187956 16144482
latencyPCT99:  34417018 38830418 18507108 48466700
weights: [33.29475677907648 75.2474635645581 141.8499811501926 149.6077985061716]
loads finished: [100 217 380 429]
latencyAVG:  10091580 19046018 8993427 10600078
latencyPCT99:  49944105 101564937 25439414 35092119
weights: [33.29475677907648 71.4850903863302 145.6123543284205 149.6077985061716]
loads finished: [100 249 447 456]
latencyAVG:  11299325 12827905 24599126 9876549
latencyPCT99:  65484613 65124945 121604565 22903770
weights: [33.29475677907648 71.4850903863302 138.33173661199947 156.88841622259264]
loads finished: [100 272 526 542]
latencyAVG:  9568454 12423556 84472185 12167916
latencyPCT99:  34334827 62570821 175334981 37125398
weights: [40.211343609676454 71.4850903863302 131.4151497813995 156.88841622259264]
loads finished: [100 171 322 349]
latencyAVG:  11321120 16800701 18026328 9909391
latencyPCT99:  77290320 44029295 27045721 25144199
weights: [38.20077642919263 71.4850903863302 131.4151497813995 158.89898340307647]
loads finished: [100 178 314 388]
latencyAVG:  14416762 14165156 7558923 13364385
latencyPCT99:  63479058 60395284 44544553 34857004
weights: [36.29073760773299 71.4850903863302 131.4151497813995 160.8090222245361]
loads finished: [100 231 356 470]
latencyAVG:  11806230 12702424 7983705 14958267
latencyPCT99:  62791533 43444023 25143565 29970942
weights: [34.47620072734634 71.4850903863302 133.22968666178613 160.8090222245361]
loads finished: [100 202 359 454]
latencyAVG:  9415781 12090708 7944190 17141796
latencyPCT99:  36335037 83733176 24765901 65835713
weights: [34.47620072734634 67.91083586701369 136.80394118110263 160.8090222245361]
loads finished: [100 178 386 474]
latencyAVG:  13157588 10549867 9371862 18798876
latencyPCT99:  74610980 82300037 28767480 64603458
weights: [34.47620072734634 64.515294073663 140.1994829744533 160.8090222245361]
loads finished: [100 178 421 446]
latencyAVG:  9388558 8672012 10030584 11558413
latencyPCT99:  44417991 27649256 53358499 24410582
weights: [34.47620072734634 64.515294073663 133.18950882573063 167.81899637325878]
loads finished: [100 183 403 554]
latencyAVG:  8279332 10499683 8239347 22936151
latencyPCT99:  30352716 56900197 43690245 91900271
weights: [42.86715054600928 64.515294073663 133.18950882573063 159.42804655459582]
loads finished: [100 161 309 366]
latencyAVG:  18241936 12180054 9399159 11398137
latencyPCT99:  93758602 51917053 31930130 34855314
weights: [40.72379301870881 64.515294073663 135.33286635303108 159.42804655459582]
loads finished: [100 141 279 361]
latencyAVG:  24111683 10739712 9023308 14808440
latencyPCT99:  119625841 20956358 26700702 50552632
weights: [38.68760336777337 66.55148372459844 135.33286635303108 159.42804655459582]
loads finished: [100 177 341 411]
latencyAVG:  13110834 12916171 9282808 11632084
latencyPCT99:  91968262 28074669 33462216 32543857
weights: [36.7532231993847 68.48586389298711 135.33286635303108 159.42804655459582]
loads finished: [100 216 368 436]
latencyAVG:  13742641 13838752 10537933 11798774
latencyPCT99:  64942080 45795741 26920387 33639614
weights: [34.91556203941546 68.48586389298711 137.1705275130003 159.42804655459582]
loads finished: [100 186 383 454]
latencyAVG:  9127912 10916866 9483696 13190992
latencyPCT99:  56531972 33648454 29543779 39900383
weights: [33.169783937444684 68.48586389298711 138.9163056149711 159.42804655459582]
### Client side ###
Average letency is 387.31298ms, errRate is 0.0%
### Balancer side ###
Hint 10.108.18.57:8080 server 34206 times
Average letency is 3.005396682s, errRate is 0.0%
Hint 10.108.18.57:8081 server 83686 times
Average letency is 546.479927ms, errRate is 0.0%
Hint 10.108.18.134:8080 server 123585 times
Average letency is 28.542248ms, errRate is 0.0%
Hint 10.108.18.135:8080 server 158522 times
Average letency is 18.05728ms, errRate is 0.0%
Finally weights: [33.169783937444684 68.48586389298711 138.9163056149711 159.42804655459582]
Next request lists will come 2s latter.
